
initialise:

compile:
    [javac] /home/rein/IdeaProjects/defects4j/framework/projects/Chart/Chart.build.xml:57: warning: 'includeantruntime' was not set, defaulting to build.sysclasspath=last; set to false for repeatable builds

compile-experimental:
    [javac] /home/rein/IdeaProjects/defects4j/framework/projects/Chart/Chart.build.xml:106: warning: 'includeantruntime' was not set, defaulting to build.sysclasspath=last; set to false for repeatable builds

compile.tests:
    [javac] /home/rein/IdeaProjects/defects4j/framework/projects/Chart/Chart.build.xml:123: warning: 'includeantruntime' was not set, defaulting to build.sysclasspath=last; set to false for repeatable builds

update.all.tests:

mutation.test:
     [echo] Running mutation analysis ...
    [junit] MAJOR: Mutation analysis enabled
    [junit] MAJOR: [1;31morg.jfree.data.time.junit.WeekTests[testConstructor] failed![0m
    [junit] MAJOR: [1;31m -> AssertionFailedError[0m
    [junit] MAJOR: [1;31m -> "expected:<35> but was:<34>"[0m
    [junit] MAJOR: Exclude 1 failing test class:
    [junit] MAJOR: [1;31m - org.jfree.data.time.junit.WeekTests[0m
    [junit] MAJOR: ------------------------------------------------------------
    [junit] MAJOR: Run 0 ordered test to verify independence
    [junit] MAJOR: ------------------------------------------------------------
    [junit] MAJOR: Preprocessing time: 0.05 seconds
    [junit] MAJOR: ------------------------------------------------------------
    [junit] MAJOR: Mutants generated: 167
    [junit] MAJOR: Mutants covered:   0 (0.00%)
    [junit] MAJOR: ------------------------------------------------------------
    [junit] MAJOR: Export test map to testMap.csv
    [junit] MAJOR: ------------------------------------------------------------
    [junit] MAJOR: Run mutation analysis with 0 individual test
    [junit] MAJOR: ------------------------------------------------------------
    [junit] MAJOR: Summary:
    [junit] MAJOR: 
    [junit] MAJOR: Analysis time:  0.0 seconds
    [junit] MAJOR: Mutation score: 0.00% (0.00%)
    [junit] MAJOR: Mutants killed / live: 0 (0-0-0) / 0
    [junit] MAJOR: Mutant executions: 0
    [junit] MAJOR: ------------------------------------------------------------
    [junit] MAJOR: Export summary of results to summary.csv
    [junit] MAJOR: Export mutant kill details to /tmp/Chart/Chart-8b/kill.csv

BUILD SUCCESSFUL
Total time: 0 seconds
