
initialise:

compile:
    [javac] /home/rein/IdeaProjects/defects4j/framework/projects/Chart/Chart.build.xml:57: warning: 'includeantruntime' was not set, defaulting to build.sysclasspath=last; set to false for repeatable builds

compile-experimental:
    [javac] /home/rein/IdeaProjects/defects4j/framework/projects/Chart/Chart.build.xml:106: warning: 'includeantruntime' was not set, defaulting to build.sysclasspath=last; set to false for repeatable builds

compile.tests:
    [javac] /home/rein/IdeaProjects/defects4j/framework/projects/Chart/Chart.build.xml:123: warning: 'includeantruntime' was not set, defaulting to build.sysclasspath=last; set to false for repeatable builds

update.all.tests:

mutation.test:
     [echo] Running mutation analysis ...
    [junit] MAJOR: Mutation analysis enabled
    [junit] MAJOR: [1;31morg.jfree.data.category.junit.DefaultCategoryDatasetTests[testBug1835955] failed![0m
    [junit] MAJOR: [1;31m -> java.lang.IndexOutOfBoundsException[0m
    [junit] MAJOR: [1;31m -> "Index: 0, Size: 0"[0m
    [junit] MAJOR: [1;31morg.jfree.data.junit.DefaultKeyedValues2DTests[testRemoveColumnByKey] failed![0m
    [junit] MAJOR: [1;31m -> java.lang.IndexOutOfBoundsException[0m
    [junit] MAJOR: [1;31m -> "Index: 0, Size: 0"[0m
    [junit] MAJOR: [1;31morg.jfree.data.junit.DefaultKeyedValuesTests[testRemoveValue] failed![0m
    [junit] MAJOR: [1;31m -> AssertionFailedError[0m
    [junit] MAJOR: [1;31m -> "null"[0m
    [junit] MAJOR: [1;31morg.jfree.data.junit.DefaultKeyedValuesTests[testGetIndex2] failed![0m
    [junit] MAJOR: [1;31m -> AssertionFailedError[0m
    [junit] MAJOR: [1;31m -> "expected:<-1> but was:<0>"[0m
    [junit] MAJOR: Exclude 3 failing test classes:
    [junit] MAJOR: [1;31m - org.jfree.data.category.junit.DefaultCategoryDatasetTests[0m
    [junit] MAJOR: [1;31m - org.jfree.data.junit.DefaultKeyedValues2DTests[0m
    [junit] MAJOR: [1;31m - org.jfree.data.junit.DefaultKeyedValuesTests[0m
    [junit] MAJOR: ------------------------------------------------------------
    [junit] MAJOR: Run 46 ordered tests to verify independence
    [junit] MAJOR: ------------------------------------------------------------
    [junit] MAJOR: Preprocessing time: 3.46 seconds
    [junit] MAJOR: ------------------------------------------------------------
    [junit] MAJOR: Mutants generated: 158
    [junit] MAJOR: Mutants covered:   64 (40.51%)
    [junit] MAJOR: ------------------------------------------------------------
    [junit] MAJOR: Export test map to testMap.csv
    [junit] MAJOR: ------------------------------------------------------------
    [junit] MAJOR: Run mutation analysis with 46 individual tests
    [junit] MAJOR: ------------------------------------------------------------
    [junit] MAJOR: [1;34m1/46 - org.jfree.data.junit.DataUtilitiesTests (5ms / 25):[0m
    [junit] MAJOR: 200 (15 / 25 / 25) -> AVG-RTPM: 8ms
    [junit] MAJOR: Mutants killed / live: 15 (10-5-0) / 49
    [junit] MAJOR: ------------------------------------------------------------
    [junit] MAJOR: [1;34m2/46 - org.jfree.data.general.junit.DefaultKeyedValuesDatasetTests (6ms / 10):[0m
    [junit] MAJOR: 254 (0 / 4 / 10) -> AVG-RTPM: 13ms
    [junit] MAJOR: Mutants killed / live: 15 (10-5-0) / 49
    [junit] MAJOR: ------------------------------------------------------------
    [junit] MAJOR: [1;34m3/46 - org.jfree.chart.labels.junit.StandardCategorySeriesLabelGeneratorTests (7ms / 21):[0m
    [junit] MAJOR: 358 (0 / 8 / 21) -> AVG-RTPM: 12ms
    [junit] MAJOR: Mutants killed / live: 15 (10-5-0) / 49
    [junit] MAJOR: ------------------------------------------------------------
    [junit] MAJOR: [1;34m4/46 - org.jfree.chart.urls.junit.StandardPieURLGeneratorTests (7ms / 10):[0m
    [junit] MAJOR: 406 (0 / 4 / 10) -> AVG-RTPM: 12ms
    [junit] MAJOR: Mutants killed / live: 15 (10-5-0) / 49
    [junit] MAJOR: ------------------------------------------------------------
    [junit] MAJOR: [1;34m5/46 - org.jfree.data.general.junit.DefaultKeyedValues2DDatasetTests (7ms / 25):[0m
    [junit] MAJOR: 650 (1 / 10 / 25) -> AVG-RTPM: 24ms
    [junit] MAJOR: Mutants killed / live: 16 (10-6-0) / 48
    [junit] MAJOR: ------------------------------------------------------------
    [junit] MAJOR: [1;34m6/46 - org.jfree.data.junit.KeyedObjectTests (7ms / 0):[0m
    [junit] MAJOR: 651 (0 / 0 / 0) -> AVG-RTPM: 0ms
    [junit] MAJOR: Mutants killed / live: 16 (10-6-0) / 48
    [junit] MAJOR: ------------------------------------------------------------
    [junit] MAJOR: [1;34m7/46 - org.jfree.chart.entity.junit.LegendItemEntityTests (8ms / 0):[0m
    [junit] MAJOR: 651 (0 / 0 / 0) -> AVG-RTPM: 0ms
    [junit] MAJOR: Mutants killed / live: 16 (10-6-0) / 48
    [junit] MAJOR: ------------------------------------------------------------
    [junit] MAJOR: [1;34m8/46 - org.jfree.data.general.junit.DefaultPieDatasetTests (8ms / 10):[0m
    [junit] MAJOR: 695 (1 / 4 / 10) -> AVG-RTPM: 11ms
    [junit] MAJOR: Mutants killed / live: 17 (11-6-0) / 47
    [junit] MAJOR: ------------------------------------------------------------
    [junit] MAJOR: [1;34m9/46 - org.jfree.chart.entity.junit.PieSectionEntityTests (9ms / 0):[0m
    [junit] MAJOR: 696 (0 / 0 / 0) -> AVG-RTPM: 0ms
    [junit] MAJOR: Mutants killed / live: 17 (11-6-0) / 47
    [junit] MAJOR: ------------------------------------------------------------
    [junit] MAJOR: [1;34m10/46 - org.jfree.chart.entity.junit.StandardEntityCollectionTests (9ms / 0):[0m
    [junit] MAJOR: 696 (0 / 0 / 0) -> AVG-RTPM: 0ms
    [junit] MAJOR: Mutants killed / live: 17 (11-6-0) / 47
    [junit] MAJOR: ------------------------------------------------------------
    [junit] MAJOR: [1;34m11/46 - org.jfree.data.category.junit.CategoryToPieDatasetTests (12ms / 26):[0m
    [junit] MAJOR: 839 (1 / 9 / 26) -> AVG-RTPM: 15ms
    [junit] MAJOR: Mutants killed / live: 18 (12-6-0) / 46
    [junit] MAJOR: ------------------------------------------------------------
    [junit] MAJOR: [1;34m12/46 - org.jfree.data.xy.junit.CategoryTableXYDatasetTests (12ms / 50):[0m
    [junit] MAJOR: 1421 (12 / 33 / 50) -> AVG-RTPM: 17ms
    [junit] MAJOR: Mutants killed / live: 30 (19-11-0) / 34
    [junit] MAJOR: ------------------------------------------------------------
    [junit] MAJOR: [1;34m13/46 - org.jfree.chart.entity.junit.CategoryItemEntityTests (13ms / 25):[0m
    [junit] MAJOR: 1553 (0 / 7 / 25) -> AVG-RTPM: 18ms
    [junit] MAJOR: Mutants killed / live: 30 (19-11-0) / 34
    [junit] MAJOR: ------------------------------------------------------------
    [junit] MAJOR: [1;34m14/46 - org.jfree.chart.labels.junit.StandardCategoryItemLabelGeneratorTests (13ms / 25):[0m
    [junit] MAJOR: 1687 (0 / 7 / 25) -> AVG-RTPM: 19ms
    [junit] MAJOR: Mutants killed / live: 30 (19-11-0) / 34
    [junit] MAJOR: ------------------------------------------------------------
    [junit] MAJOR: [1;34m15/46 - org.jfree.data.junit.KeyedObjectsTests (13ms / 0):[0m
    [junit] MAJOR: 1687 (0 / 0 / 0) -> AVG-RTPM: 0ms
    [junit] MAJOR: Mutants killed / live: 30 (19-11-0) / 34
    [junit] MAJOR: ------------------------------------------------------------
    [junit] MAJOR: [1;34m16/46 - org.jfree.data.time.junit.TimeTableXYDatasetTests (16ms / 50):[0m
    [junit] MAJOR: 2159 (1 / 21 / 50) -> AVG-RTPM: 22ms
    [junit] MAJOR: Mutants killed / live: 31 (20-11-0) / 33
    [junit] MAJOR: ------------------------------------------------------------
    [junit] MAJOR: [1;34m17/46 - org.jfree.chart.junit.PieChartTests (22ms / 10):[0m
    [junit] MAJOR: 2263 (0 / 3 / 10) -> AVG-RTPM: 34ms
    [junit] MAJOR: Mutants killed / live: 31 (20-11-0) / 33
    [junit] MAJOR: ------------------------------------------------------------
    [junit] MAJOR: [1;34m18/46 - org.jfree.data.general.junit.DatasetUtilitiesTests (36ms / 28):[0m
    [junit] MAJOR: 2489 (2 / 9 / 28) -> AVG-RTPM: 25ms
    [junit] MAJOR: Mutants killed / live: 33 (20-13-0) / 31
    [junit] MAJOR: ------------------------------------------------------------
    [junit] MAJOR: [1;34m19/46 - org.jfree.chart.plot.junit.SpiderWebPlotTests (37ms / 25):[0m
    [junit] MAJOR: 2787 (0 / 6 / 25) -> AVG-RTPM: 49ms
    [junit] MAJOR: Mutants killed / live: 33 (20-13-0) / 31
    [junit] MAJOR: ------------------------------------------------------------
    [junit] MAJOR: [1;34m20/46 - org.jfree.chart.renderer.category.junit.CategoryStepRendererTests (39ms / 25):[0m
    [junit] MAJOR: 3066 (0 / 6 / 25) -> AVG-RTPM: 46ms
    [junit] MAJOR: Mutants killed / live: 33 (20-13-0) / 31
    [junit] MAJOR: ------------------------------------------------------------
    [junit] MAJOR: [1;34m21/46 - org.jfree.chart.renderer.category.junit.AreaRendererTests (42ms / 25):[0m
    [junit] MAJOR: 3399 (0 / 6 / 25) -> AVG-RTPM: 55ms
    [junit] MAJOR: Mutants killed / live: 33 (20-13-0) / 31
    [junit] MAJOR: ------------------------------------------------------------
    [junit] MAJOR: [1;34m22/46 - org.jfree.chart.renderer.category.junit.StackedBarRenderer3DTests (42ms / 31):[0m
    [junit] MAJOR: 4020 (4 / 15 / 31) -> AVG-RTPM: 41ms
    [junit] MAJOR: Mutants killed / live: 37 (21-16-0) / 27
    [junit] MAJOR: ------------------------------------------------------------
    [junit] MAJOR: [1;34m23/46 - org.jfree.chart.renderer.category.junit.BarRendererTests (44ms / 25):[0m
    [junit] MAJOR: 4310 (0 / 6 / 25) -> AVG-RTPM: 48ms
    [junit] MAJOR: Mutants killed / live: 37 (21-16-0) / 27
    [junit] MAJOR: ------------------------------------------------------------
    [junit] MAJOR: [1;34m24/46 - org.jfree.chart.plot.junit.CombinedRangeCategoryPlotTests (45ms / 25):[0m
    [junit] MAJOR: 4644 (0 / 6 / 25) -> AVG-RTPM: 55ms
    [junit] MAJOR: Mutants killed / live: 37 (21-16-0) / 27
    [junit] MAJOR: ------------------------------------------------------------
    [junit] MAJOR: [1;34m25/46 - org.jfree.chart.renderer.category.junit.LineAndShapeRendererTests (47ms / 25):[0m
    [junit] MAJOR: 5005 (0 / 6 / 25) -> AVG-RTPM: 60ms
    [junit] MAJOR: Mutants killed / live: 37 (21-16-0) / 27
    [junit] MAJOR: ------------------------------------------------------------
    [junit] MAJOR: [1;34m26/46 - org.jfree.chart.plot.junit.CombinedDomainCategoryPlotTests (48ms / 25):[0m
    [junit] MAJOR: 5569 (0 / 6 / 25) -> AVG-RTPM: 93ms
    [junit] MAJOR: Mutants killed / live: 37 (21-16-0) / 27
    [junit] MAJOR: ------------------------------------------------------------
    [junit] MAJOR: [1;34m27/46 - org.jfree.chart.junit.PieChart3DTests (49ms / 13):[0m
    [junit] MAJOR: 5843 (0 / 4 / 13) -> AVG-RTPM: 68ms
    [junit] MAJOR: Mutants killed / live: 37 (21-16-0) / 27
    [junit] MAJOR: ------------------------------------------------------------
    [junit] MAJOR: [1;34m28/46 - org.jfree.chart.junit.StackedBarChartTests (49ms / 25):[0m
    [junit] MAJOR: 6239 (0 / 6 / 25) -> AVG-RTPM: 66ms
    [junit] MAJOR: Mutants killed / live: 37 (21-16-0) / 27
    [junit] MAJOR: ------------------------------------------------------------
    [junit] MAJOR: [1;34m29/46 - org.jfree.chart.junit.StackedAreaChartTests (50ms / 25):[0m
    [junit] MAJOR: 6633 (0 / 6 / 25) -> AVG-RTPM: 65ms
    [junit] MAJOR: Mutants killed / live: 37 (21-16-0) / 27
    [junit] MAJOR: ------------------------------------------------------------
    [junit] MAJOR: [1;34m30/46 - org.jfree.chart.junit.StackedBarChart3DTests (50ms / 36):[0m
    [junit] MAJOR: 7439 (0 / 12 / 36) -> AVG-RTPM: 67ms
    [junit] MAJOR: Mutants killed / live: 37 (21-16-0) / 27
    [junit] MAJOR: ------------------------------------------------------------
    [junit] MAJOR: [1;34m31/46 - org.jfree.chart.renderer.category.junit.LevelRendererTests (51ms / 25):[0m
    [junit] MAJOR: 7797 (0 / 6 / 25) -> AVG-RTPM: 59ms
    [junit] MAJOR: Mutants killed / live: 37 (21-16-0) / 27
    [junit] MAJOR: ------------------------------------------------------------
    [junit] MAJOR: [1;34m32/46 - org.jfree.chart.junit.LineChartTests (52ms / 25):[0m
    [junit] MAJOR: 8194 (0 / 6 / 25) -> AVG-RTPM: 66ms
    [junit] MAJOR: Mutants killed / live: 37 (21-16-0) / 27
    [junit] MAJOR: ------------------------------------------------------------
    [junit] MAJOR: [1;34m33/46 - org.jfree.chart.junit.BarChart3DTests (53ms / 25):[0m
    [junit] MAJOR: 8554 (0 / 6 / 25) -> AVG-RTPM: 60ms
    [junit] MAJOR: Mutants killed / live: 37 (21-16-0) / 27
    [junit] MAJOR: ------------------------------------------------------------
    [junit] MAJOR: [1;34m34/46 - org.jfree.chart.plot.junit.PiePlotTests (53ms / 13):[0m
    [junit] MAJOR: 8779 (0 / 4 / 13) -> AVG-RTPM: 56ms
    [junit] MAJOR: Mutants killed / live: 37 (21-16-0) / 27
    [junit] MAJOR: ------------------------------------------------------------
    [junit] MAJOR: [1;34m35/46 - org.jfree.chart.renderer.category.junit.LayeredBarRendererTests (53ms / 25):[0m
    [junit] MAJOR: 9153 (0 / 6 / 25) -> AVG-RTPM: 62ms
    [junit] MAJOR: Mutants killed / live: 37 (21-16-0) / 27
    [junit] MAJOR: ------------------------------------------------------------
    [junit] MAJOR: [1;34m36/46 - org.jfree.chart.renderer.category.junit.GroupedStackedBarRendererTests (54ms / 25):[0m
    [junit] MAJOR: 9478 (0 / 6 / 25) -> AVG-RTPM: 54ms
    [junit] MAJOR: Mutants killed / live: 37 (21-16-0) / 27
    [junit] MAJOR: ------------------------------------------------------------
    [junit] MAJOR: [1;34m37/46 - org.jfree.chart.renderer.category.junit.MinMaxCategoryRendererTests (54ms / 25):[0m
    [junit] MAJOR: 9779 (0 / 6 / 25) -> AVG-RTPM: 50ms
    [junit] MAJOR: Mutants killed / live: 37 (21-16-0) / 27
    [junit] MAJOR: ------------------------------------------------------------
    [junit] MAJOR: [1;34m38/46 - org.jfree.chart.junit.LineChart3DTests (56ms / 25):[0m
    [junit] MAJOR: 10192 (0 / 6 / 25) -> AVG-RTPM: 68ms
    [junit] MAJOR: Mutants killed / live: 37 (21-16-0) / 27
    [junit] MAJOR: ------------------------------------------------------------
    [junit] MAJOR: [1;34m39/46 - org.jfree.chart.junit.BarChartTests (71ms / 25):[0m
    [junit] MAJOR: 10520 (0 / 6 / 25) -> AVG-RTPM: 54ms
    [junit] MAJOR: Mutants killed / live: 37 (21-16-0) / 27
    [junit] MAJOR: ------------------------------------------------------------
    [junit] MAJOR: [1;34m40/46 - org.jfree.chart.axis.junit.NumberAxisTests (78ms / 25):[0m
    [junit] MAJOR: 11088 (0 / 6 / 25) -> AVG-RTPM: 94ms
    [junit] MAJOR: Mutants killed / live: 37 (21-16-0) / 27
    [junit] MAJOR: ------------------------------------------------------------
    [junit] MAJOR: [1;34m41/46 - org.jfree.chart.renderer.category.junit.BoxAndWhiskerRendererTests (84ms / 25):[0m
    [junit] MAJOR: 11489 (0 / 6 / 25) -> AVG-RTPM: 66ms
    [junit] MAJOR: Mutants killed / live: 37 (21-16-0) / 27
    [junit] MAJOR: ------------------------------------------------------------
    [junit] MAJOR: [1;34m42/46 - org.jfree.chart.junit.WaterfallChartTests (90ms / 25):[0m
    [junit] MAJOR: 11863 (0 / 6 / 25) -> AVG-RTPM: 62ms
    [junit] MAJOR: Mutants killed / live: 37 (21-16-0) / 27
    [junit] MAJOR: ------------------------------------------------------------
    [junit] MAJOR: [1;34m43/46 - org.jfree.chart.junit.AreaChartTests (97ms / 25):[0m
    [junit] MAJOR: 12209 (0 / 6 / 25) -> AVG-RTPM: 57ms
    [junit] MAJOR: Mutants killed / live: 37 (21-16-0) / 27
    [junit] MAJOR: ------------------------------------------------------------
    [junit] MAJOR: [1;34m44/46 - org.jfree.chart.axis.junit.LogAxisTests (98ms / 25):[0m
    [junit] MAJOR: 12559 (0 / 6 / 25) -> AVG-RTPM: 58ms
    [junit] MAJOR: Mutants killed / live: 37 (21-16-0) / 27
    [junit] MAJOR: ------------------------------------------------------------
    [junit] MAJOR: [1;34m45/46 - org.jfree.chart.plot.junit.CategoryPlotTests (100ms / 25):[0m
    [junit] MAJOR: 13029 (0 / 6 / 25) -> AVG-RTPM: 78ms
    [junit] MAJOR: Mutants killed / live: 37 (21-16-0) / 27
    [junit] MAJOR: ------------------------------------------------------------
    [junit] MAJOR: [1;34m46/46 - org.jfree.chart.junit.JFreeChartTests (187ms / 25):[0m
    [junit] MAJOR: 13624 (0 / 6 / 25) -> AVG-RTPM: 99ms
    [junit] MAJOR: Mutants killed / live: 37 (21-16-0) / 27
    [junit] MAJOR: ------------------------------------------------------------
    [junit] MAJOR: Summary:
    [junit] MAJOR: 
    [junit] MAJOR: Analysis time:  13.6 seconds
    [junit] MAJOR: Mutation score: 23.42% (57.81%)
    [junit] MAJOR: Mutants killed / live: 37 (21-16-0) / 27
    [junit] MAJOR: Mutant executions: 323
    [junit] MAJOR: ------------------------------------------------------------
    [junit] MAJOR: Export summary of results to summary.csv
    [junit] MAJOR: Export mutant kill details to /tmp/Chart/Chart-18b/kill.csv

BUILD SUCCESSFUL
Total time: 17 seconds
