
test-offline:

get-deps:

joda-time-from-maven.compile:
    [javac] /tmp/Time/Time-5b/maven-build.xml:77: warning: 'includeantruntime' was not set, defaulting to build.sysclasspath=last; set to false for repeatable builds

joda-time.compile:

compile:
     [java] Writing zoneinfo files
     [java] Writing ZoneInfoMap

joda-time-from-maven.compile-tests:
    [javac] /tmp/Time/Time-5b/maven-build.xml:114: warning: 'includeantruntime' was not set, defaulting to build.sysclasspath=last; set to false for repeatable builds

joda-time.compile.tests:

compile.tests:

update.all.tests:

mutation.test:
     [echo] Running mutation analysis ...
    [junit] MAJOR: Mutation analysis enabled
    [junit] MAJOR: [1;31morg.joda.time.TestPeriod_Basics[testNormalizedStandard_periodType_months1] failed![0m
    [junit] MAJOR: [1;31m -> java.lang.UnsupportedOperationException[0m
    [junit] MAJOR: [1;31m -> "Field is not supported"[0m
    [junit] MAJOR: [1;31morg.joda.time.TestPeriod_Basics[testNormalizedStandard_periodType_months2] failed![0m
    [junit] MAJOR: [1;31m -> java.lang.UnsupportedOperationException[0m
    [junit] MAJOR: [1;31m -> "Field is not supported"[0m
    [junit] MAJOR: [1;31morg.joda.time.TestPeriod_Basics[testNormalizedStandard_periodType_monthsWeeks] failed![0m
    [junit] MAJOR: [1;31m -> java.lang.UnsupportedOperationException[0m
    [junit] MAJOR: [1;31m -> "Field is not supported"[0m
    [junit] MAJOR: Exclude 1 failing test class:
    [junit] MAJOR: [1;31m - org.joda.time.TestPeriod_Basics[0m
    [junit] MAJOR: ------------------------------------------------------------
    [junit] MAJOR: Run 45 ordered tests to verify independence
    [junit] MAJOR: ------------------------------------------------------------
    [junit] MAJOR: Preprocessing time: 5.47 seconds
    [junit] MAJOR: ------------------------------------------------------------
    [junit] MAJOR: Mutants generated: 248
    [junit] MAJOR: Mutants covered:   30 (12.10%)
    [junit] MAJOR: ------------------------------------------------------------
    [junit] MAJOR: Export test map to testMap.csv
    [junit] MAJOR: ------------------------------------------------------------
    [junit] MAJOR: Run mutation analysis with 45 individual tests
    [junit] MAJOR: ------------------------------------------------------------
    [junit] MAJOR: [1;34m1/45 - org.joda.time.format.TestPeriodFormatParsing (9ms / 0):[0m
    [junit] MAJOR: 0 (0 / 0 / 0) -> AVG-RTPM: 0ms
    [junit] MAJOR: Mutants killed / live: 0 (0-0-0) / 30
    [junit] MAJOR: ------------------------------------------------------------
    [junit] MAJOR: [1;34m2/45 - org.joda.time.format.TestISOPeriodFormat (11ms / 0):[0m
    [junit] MAJOR: 0 (0 / 0 / 0) -> AVG-RTPM: 0ms
    [junit] MAJOR: Mutants killed / live: 0 (0-0-0) / 30
    [junit] MAJOR: ------------------------------------------------------------
    [junit] MAJOR: [1;34m3/45 - org.joda.time.convert.TestReadablePeriodConverter (12ms / 0):[0m
    [junit] MAJOR: 0 (0 / 0 / 0) -> AVG-RTPM: 0ms
    [junit] MAJOR: Mutants killed / live: 0 (0-0-0) / 30
    [junit] MAJOR: ------------------------------------------------------------
    [junit] MAJOR: [1;34m4/45 - org.joda.time.format.TestPeriodFormatter (20ms / 0):[0m
    [junit] MAJOR: 0 (0 / 0 / 0) -> AVG-RTPM: 0ms
    [junit] MAJOR: Mutants killed / live: 0 (0-0-0) / 30
    [junit] MAJOR: ------------------------------------------------------------
    [junit] MAJOR: [1;34m5/45 - org.joda.time.format.TestISOPeriodFormatParsing (23ms / 0):[0m
    [junit] MAJOR: 0 (0 / 0 / 0) -> AVG-RTPM: 0ms
    [junit] MAJOR: Mutants killed / live: 0 (0-0-0) / 30
    [junit] MAJOR: ------------------------------------------------------------
    [junit] MAJOR: [1;34m6/45 - org.joda.time.TestBaseSingleFieldPeriod (41ms / 1):[0m
    [junit] MAJOR: 65 (0 / 1 / 1) -> AVG-RTPM: 65ms
    [junit] MAJOR: Mutants killed / live: 0 (0-0-0) / 30
    [junit] MAJOR: ------------------------------------------------------------
    [junit] MAJOR: [1;34m7/45 - org.joda.time.TestMutablePeriod_Basics (42ms / 0):[0m
    [junit] MAJOR: 65 (0 / 0 / 0) -> AVG-RTPM: 0ms
    [junit] MAJOR: Mutants killed / live: 0 (0-0-0) / 30
    [junit] MAJOR: ------------------------------------------------------------
    [junit] MAJOR: [1;34m8/45 - org.joda.time.TestYears (47ms / 0):[0m
    [junit] MAJOR: 65 (0 / 0 / 0) -> AVG-RTPM: 0ms
    [junit] MAJOR: Mutants killed / live: 0 (0-0-0) / 30
    [junit] MAJOR: ------------------------------------------------------------
    [junit] MAJOR: [1;34m9/45 - org.joda.time.TestMutableDateTime_Adds (48ms / 0):[0m
    [junit] MAJOR: 65 (0 / 0 / 0) -> AVG-RTPM: 0ms
    [junit] MAJOR: Mutants killed / live: 0 (0-0-0) / 30
    [junit] MAJOR: ------------------------------------------------------------
    [junit] MAJOR: [1;34m10/45 - org.joda.time.TestMutableInterval_Basics (49ms / 0):[0m
    [junit] MAJOR: 65 (0 / 0 / 0) -> AVG-RTPM: 0ms
    [junit] MAJOR: Mutants killed / live: 0 (0-0-0) / 30
    [junit] MAJOR: ------------------------------------------------------------
    [junit] MAJOR: [1;34m11/45 - org.joda.time.TestMinutes (55ms / 0):[0m
    [junit] MAJOR: 65 (0 / 0 / 0) -> AVG-RTPM: 0ms
    [junit] MAJOR: Mutants killed / live: 0 (0-0-0) / 30
    [junit] MAJOR: ------------------------------------------------------------
    [junit] MAJOR: [1;34m12/45 - org.joda.time.TestSeconds (56ms / 0):[0m
    [junit] MAJOR: 65 (0 / 0 / 0) -> AVG-RTPM: 0ms
    [junit] MAJOR: Mutants killed / live: 0 (0-0-0) / 30
    [junit] MAJOR: ------------------------------------------------------------
    [junit] MAJOR: [1;34m13/45 - org.joda.time.TestWeeks (57ms / 0):[0m
    [junit] MAJOR: 65 (0 / 0 / 0) -> AVG-RTPM: 0ms
    [junit] MAJOR: Mutants killed / live: 0 (0-0-0) / 30
    [junit] MAJOR: ------------------------------------------------------------
    [junit] MAJOR: [1;34m14/45 - org.joda.time.TestHours (59ms / 0):[0m
    [junit] MAJOR: 65 (0 / 0 / 0) -> AVG-RTPM: 0ms
    [junit] MAJOR: Mutants killed / live: 0 (0-0-0) / 30
    [junit] MAJOR: ------------------------------------------------------------
    [junit] MAJOR: [1;34m15/45 - org.joda.time.TestMonths (59ms / 0):[0m
    [junit] MAJOR: 65 (0 / 0 / 0) -> AVG-RTPM: 0ms
    [junit] MAJOR: Mutants killed / live: 0 (0-0-0) / 30
    [junit] MAJOR: ------------------------------------------------------------
    [junit] MAJOR: [1;34m16/45 - org.joda.time.TestMutableInterval_Updates (65ms / 0):[0m
    [junit] MAJOR: 65 (0 / 0 / 0) -> AVG-RTPM: 0ms
    [junit] MAJOR: Mutants killed / live: 0 (0-0-0) / 30
    [junit] MAJOR: ------------------------------------------------------------
    [junit] MAJOR: [1;34m17/45 - org.joda.time.format.TestPeriodFormatterBuilder (65ms / 0):[0m
    [junit] MAJOR: 65 (0 / 0 / 0) -> AVG-RTPM: 0ms
    [junit] MAJOR: Mutants killed / live: 0 (0-0-0) / 30
    [junit] MAJOR: ------------------------------------------------------------
    [junit] MAJOR: [1;34m18/45 - org.joda.time.TestYearMonth_Basics (66ms / 0):[0m
    [junit] MAJOR: 65 (0 / 0 / 0) -> AVG-RTPM: 0ms
    [junit] MAJOR: Mutants killed / live: 0 (0-0-0) / 30
    [junit] MAJOR: ------------------------------------------------------------
    [junit] MAJOR: [1;34m19/45 - org.joda.time.tz.TestBuilder (66ms / 0):[0m
    [junit] MAJOR: 65 (0 / 0 / 0) -> AVG-RTPM: 0ms
    [junit] MAJOR: Mutants killed / live: 0 (0-0-0) / 30
    [junit] MAJOR: ------------------------------------------------------------
    [junit] MAJOR: [1;34m20/45 - org.joda.time.TestDays (68ms / 0):[0m
    [junit] MAJOR: 65 (0 / 0 / 0) -> AVG-RTPM: 0ms
    [junit] MAJOR: Mutants killed / live: 0 (0-0-0) / 30
    [junit] MAJOR: ------------------------------------------------------------
    [junit] MAJOR: [1;34m21/45 - org.joda.time.TestLocalTime_Basics (70ms / 0):[0m
    [junit] MAJOR: 66 (0 / 0 / 0) -> AVG-RTPM: 0ms
    [junit] MAJOR: Mutants killed / live: 0 (0-0-0) / 30
    [junit] MAJOR: ------------------------------------------------------------
    [junit] MAJOR: [1;34m22/45 - org.joda.time.TestTimeOfDay_Basics (71ms / 0):[0m
    [junit] MAJOR: 66 (0 / 0 / 0) -> AVG-RTPM: 0ms
    [junit] MAJOR: Mutants killed / live: 0 (0-0-0) / 30
    [junit] MAJOR: ------------------------------------------------------------
    [junit] MAJOR: [1;34m23/45 - org.joda.time.convert.TestStringConverter (74ms / 0):[0m
    [junit] MAJOR: 66 (0 / 0 / 0) -> AVG-RTPM: 0ms
    [junit] MAJOR: Mutants killed / live: 0 (0-0-0) / 30
    [junit] MAJOR: ------------------------------------------------------------
    [junit] MAJOR: [1;34m24/45 - org.joda.time.TestStringConvert (75ms / 0):[0m
    [junit] MAJOR: 66 (0 / 0 / 0) -> AVG-RTPM: 0ms
    [junit] MAJOR: Mutants killed / live: 0 (0-0-0) / 30
    [junit] MAJOR: ------------------------------------------------------------
    [junit] MAJOR: [1;34m25/45 - org.joda.time.tz.TestCompiler (79ms / 0):[0m
    [junit] MAJOR: 66 (0 / 0 / 0) -> AVG-RTPM: 0ms
    [junit] MAJOR: Mutants killed / live: 0 (0-0-0) / 30
    [junit] MAJOR: ------------------------------------------------------------
    [junit] MAJOR: [1;34m26/45 - org.joda.time.TestMutablePeriod_Constructors (85ms / 0):[0m
    [junit] MAJOR: 66 (0 / 0 / 0) -> AVG-RTPM: 0ms
    [junit] MAJOR: Mutants killed / live: 0 (0-0-0) / 30
    [junit] MAJOR: ------------------------------------------------------------
    [junit] MAJOR: [1;34m27/45 - org.joda.time.TestYearMonthDay_Basics (87ms / 0):[0m
    [junit] MAJOR: 66 (0 / 0 / 0) -> AVG-RTPM: 0ms
    [junit] MAJOR: Mutants killed / live: 0 (0-0-0) / 30
    [junit] MAJOR: ------------------------------------------------------------
    [junit] MAJOR: [1;34m28/45 - org.joda.time.TestMonthDay_Basics (89ms / 0):[0m
    [junit] MAJOR: 66 (0 / 0 / 0) -> AVG-RTPM: 0ms
    [junit] MAJOR: Mutants killed / live: 0 (0-0-0) / 30
    [junit] MAJOR: ------------------------------------------------------------
    [junit] MAJOR: [1;34m29/45 - org.joda.time.TestPartial_Basics (89ms / 0):[0m
    [junit] MAJOR: 66 (0 / 0 / 0) -> AVG-RTPM: 0ms
    [junit] MAJOR: Mutants killed / live: 0 (0-0-0) / 30
    [junit] MAJOR: ------------------------------------------------------------
    [junit] MAJOR: [1;34m30/45 - org.joda.time.format.TestPeriodFormat (90ms / 0):[0m
    [junit] MAJOR: 66 (0 / 0 / 0) -> AVG-RTPM: 0ms
    [junit] MAJOR: Mutants killed / live: 0 (0-0-0) / 30
    [junit] MAJOR: ------------------------------------------------------------
    [junit] MAJOR: [1;34m31/45 - org.joda.time.TestInterval_Constructors (94ms / 0):[0m
    [junit] MAJOR: 66 (0 / 0 / 0) -> AVG-RTPM: 0ms
    [junit] MAJOR: Mutants killed / live: 0 (0-0-0) / 30
    [junit] MAJOR: ------------------------------------------------------------
    [junit] MAJOR: [1;34m32/45 - org.joda.time.TestLocalDateTime_Basics (95ms / 0):[0m
    [junit] MAJOR: 66 (0 / 0 / 0) -> AVG-RTPM: 0ms
    [junit] MAJOR: Mutants killed / live: 0 (0-0-0) / 30
    [junit] MAJOR: ------------------------------------------------------------
    [junit] MAJOR: [1;34m33/45 - org.joda.time.TestMutableInterval_Constructors (95ms / 0):[0m
    [junit] MAJOR: 66 (0 / 0 / 0) -> AVG-RTPM: 0ms
    [junit] MAJOR: Mutants killed / live: 0 (0-0-0) / 30
    [junit] MAJOR: ------------------------------------------------------------
    [junit] MAJOR: [1;34m34/45 - org.joda.time.convert.TestConverterManager (97ms / 0):[0m
    [junit] MAJOR: 66 (0 / 0 / 0) -> AVG-RTPM: 0ms
    [junit] MAJOR: Mutants killed / live: 0 (0-0-0) / 30
    [junit] MAJOR: ------------------------------------------------------------
    [junit] MAJOR: [1;34m35/45 - org.joda.time.TestDuration_Basics (99ms / 0):[0m
    [junit] MAJOR: 66 (0 / 0 / 0) -> AVG-RTPM: 0ms
    [junit] MAJOR: Mutants killed / live: 0 (0-0-0) / 30
    [junit] MAJOR: ------------------------------------------------------------
    [junit] MAJOR: [1;34m36/45 - org.joda.time.TestSerialization (99ms / 0):[0m
    [junit] MAJOR: 66 (0 / 0 / 0) -> AVG-RTPM: 0ms
    [junit] MAJOR: Mutants killed / live: 0 (0-0-0) / 30
    [junit] MAJOR: ------------------------------------------------------------
    [junit] MAJOR: [1;34m37/45 - org.joda.time.TestDateTime_Basics (106ms / 0):[0m
    [junit] MAJOR: 66 (0 / 0 / 0) -> AVG-RTPM: 0ms
    [junit] MAJOR: Mutants killed / live: 0 (0-0-0) / 30
    [junit] MAJOR: ------------------------------------------------------------
    [junit] MAJOR: [1;34m38/45 - org.joda.time.TestMutablePeriod_Updates (106ms / 0):[0m
    [junit] MAJOR: 66 (0 / 0 / 0) -> AVG-RTPM: 0ms
    [junit] MAJOR: Mutants killed / live: 0 (0-0-0) / 30
    [junit] MAJOR: ------------------------------------------------------------
    [junit] MAJOR: [1;34m39/45 - org.joda.time.TestLocalDate_Basics (107ms / 0):[0m
    [junit] MAJOR: 66 (0 / 0 / 0) -> AVG-RTPM: 0ms
    [junit] MAJOR: Mutants killed / live: 0 (0-0-0) / 30
    [junit] MAJOR: ------------------------------------------------------------
    [junit] MAJOR: [1;34m40/45 - org.joda.time.chrono.TestGJChronology (117ms / 0):[0m
    [junit] MAJOR: 66 (0 / 0 / 0) -> AVG-RTPM: 0ms
    [junit] MAJOR: Mutants killed / live: 0 (0-0-0) / 30
    [junit] MAJOR: ------------------------------------------------------------
    [junit] MAJOR: [1;34m41/45 - org.joda.time.TestDateMidnight_Basics (126ms / 0):[0m
    [junit] MAJOR: 66 (0 / 0 / 0) -> AVG-RTPM: 0ms
    [junit] MAJOR: Mutants killed / live: 0 (0-0-0) / 30
    [junit] MAJOR: ------------------------------------------------------------
    [junit] MAJOR: [1;34m42/45 - org.joda.time.TestPeriod_Constructors (143ms / 29):[0m
    [junit] MAJOR: 1623 (20 / 29 / 29) -> AVG-RTPM: 53ms
    [junit] MAJOR: Mutants killed / live: 20 (4-16-0) / 10
    [junit] MAJOR: ------------------------------------------------------------
    [junit] MAJOR: [1;34m43/45 - org.joda.time.TestInterval_Basics (157ms / 0):[0m
    [junit] MAJOR: 1623 (0 / 0 / 0) -> AVG-RTPM: 0ms
    [junit] MAJOR: Mutants killed / live: 20 (4-16-0) / 10
    [junit] MAJOR: ------------------------------------------------------------
    [junit] MAJOR: [1;34m44/45 - org.joda.time.TestDateTimeZoneCutover (165ms / 0):[0m
    [junit] MAJOR: 1623 (0 / 0 / 0) -> AVG-RTPM: 0ms
    [junit] MAJOR: Mutants killed / live: 20 (4-16-0) / 10
    [junit] MAJOR: ------------------------------------------------------------
    [junit] MAJOR: [1;34m45/45 - org.joda.time.chrono.TestBuddhistChronology (449ms / 0):[0m
    [junit] MAJOR: 1623 (0 / 0 / 0) -> AVG-RTPM: 0ms
    [junit] MAJOR: Mutants killed / live: 20 (4-16-0) / 10
    [junit] MAJOR: ------------------------------------------------------------
    [junit] MAJOR: Summary:
    [junit] MAJOR: 
    [junit] MAJOR: Analysis time:  1.6 seconds
    [junit] MAJOR: Mutation score: 8.06% (66.67%)
    [junit] MAJOR: Mutants killed / live: 20 (4-16-0) / 10
    [junit] MAJOR: Mutant executions: 30
    [junit] MAJOR: ------------------------------------------------------------
    [junit] MAJOR: Export summary of results to summary.csv
    [junit] MAJOR: Export mutant kill details to /tmp/Time/Time-5b/kill.csv

BUILD SUCCESSFUL
Total time: 8 seconds
