
init:
     [echo] -------- commons-lang3 3.2-SNAPSHOT --------

compile:

compile.tests:

update.all.tests:

mutation.test:
     [echo] Running mutation analysis ...
    [junit] MAJOR: Mutation analysis enabled
    [junit] MAJOR: [1;31morg.apache.commons.lang3.LocaleUtilsTest[testLang865] failed![0m
    [junit] MAJOR: [1;31m -> java.lang.IllegalArgumentException[0m
    [junit] MAJOR: [1;31m -> "Invalid locale format: _GB"[0m
    [junit] MAJOR: Exclude 1 failing test class:
    [junit] MAJOR: [1;31m - org.apache.commons.lang3.LocaleUtilsTest[0m
    [junit] MAJOR: ------------------------------------------------------------
    [junit] MAJOR: Run 0 ordered test to verify independence
    [junit] MAJOR: ------------------------------------------------------------
    [junit] MAJOR: Preprocessing time: 0.07 seconds
    [junit] MAJOR: ------------------------------------------------------------
    [junit] MAJOR: Mutants generated: 68
    [junit] MAJOR: Mutants covered:   0 (0.00%)
    [junit] MAJOR: ------------------------------------------------------------
    [junit] MAJOR: Export test map to testMap.csv
    [junit] MAJOR: ------------------------------------------------------------
    [junit] MAJOR: Run mutation analysis with 0 individual test
    [junit] MAJOR: ------------------------------------------------------------
    [junit] MAJOR: Summary:
    [junit] MAJOR: 
    [junit] MAJOR: Analysis time:  0.0 seconds
    [junit] MAJOR: Mutation score: 0.00% (0.00%)
    [junit] MAJOR: Mutants killed / live: 0 (0-0-0) / 0
    [junit] MAJOR: Mutant executions: 0
    [junit] MAJOR: ------------------------------------------------------------
    [junit] MAJOR: Export summary of results to summary.csv
    [junit] MAJOR: Export mutant kill details to /tmp/Lang/Lang-5b/kill.csv

BUILD SUCCESSFUL
Total time: 0 seconds
