
init:
     [echo] -------- joda-time 2.1 --------

getjunit:

installjunit:

getjodaconvert:

prepare:

static:

compile.main:

compile.zoneinfo:

joda-time.compile:

compile:
     [java] Writing zoneinfo files
     [java] Writing ZoneInfoMap

joda-time.compile.tests:

compile.tests:

update.all.tests:

mutation.test:
     [echo] Running mutation analysis ...
    [junit] MAJOR: Mutation analysis enabled
    [junit] MAJOR: [1;31morg.joda.time.field.TestFieldUtils[testSafeMultiplyLongInt] failed![0m
    [junit] MAJOR: [1;31m -> AssertionFailedError[0m
    [junit] MAJOR: [1;31m -> "null"[0m
    [junit] MAJOR: Exclude 1 failing test class:
    [junit] MAJOR: [1;31m - org.joda.time.field.TestFieldUtils[0m
    [junit] MAJOR: ------------------------------------------------------------
    [junit] MAJOR: Run 107 ordered tests to verify independence
    [junit] MAJOR: ------------------------------------------------------------
    [junit] MAJOR: Preprocessing time: 11.54 seconds
    [junit] MAJOR: ------------------------------------------------------------
    [junit] MAJOR: Mutants generated: 217
    [junit] MAJOR: Mutants covered:   204 (94.01%)
    [junit] MAJOR: ------------------------------------------------------------
    [junit] MAJOR: Export test map to testMap.csv
    [junit] MAJOR: ------------------------------------------------------------
    [junit] MAJOR: Run mutation analysis with 107 individual tests
    [junit] MAJOR: ------------------------------------------------------------
    [junit] MAJOR: [1;34m1/107 - org.joda.time.TestPartial_Match (5ms / 42):[0m
    [junit] MAJOR: 2671 (10 / 42 / 42) -> AVG-RTPM: 63ms
    [junit] MAJOR: Mutants killed / live: 10 (0-8-0) / 194
    [junit] MAJOR: ------------------------------------------------------------
    [junit] MAJOR: [1;34m2/107 - org.joda.time.convert.TestReadablePeriodConverter (11ms / 35):[0m
    [junit] MAJOR: 3628 (8 / 34 / 35) -> AVG-RTPM: 28ms
    [junit] MAJOR: Mutants killed / live: 18 (0-16-0) / 186
    [junit] MAJOR: ------------------------------------------------------------
    [junit] MAJOR: [1;34m3/107 - org.joda.time.convert.TestReadableDurationConverter (12ms / 35):[0m
    [junit] MAJOR: 4362 (13 / 27 / 35) -> AVG-RTPM: 27ms
    [junit] MAJOR: Mutants killed / live: 31 (3-26-0) / 173
    [junit] MAJOR: ------------------------------------------------------------
    [junit] MAJOR: [1;34m4/107 - org.joda.time.convert.TestLongConverter (13ms / 32):[0m
    [junit] MAJOR: 4876 (0 / 18 / 32) -> AVG-RTPM: 28ms
    [junit] MAJOR: Mutants killed / live: 31 (3-26-0) / 173
    [junit] MAJOR: ------------------------------------------------------------
    [junit] MAJOR: [1;34m5/107 - org.joda.time.TestBasePartial (14ms / 10):[0m
    [junit] MAJOR: 5045 (4 / 6 / 10) -> AVG-RTPM: 28ms
    [junit] MAJOR: Mutants killed / live: 35 (7-26-0) / 169
    [junit] MAJOR: ------------------------------------------------------------
    [junit] MAJOR: [1;34m6/107 - org.joda.time.TestDurationField (14ms / 14):[0m
    [junit] MAJOR: 5146 (0 / 4 / 14) -> AVG-RTPM: 25ms
    [junit] MAJOR: Mutants killed / live: 35 (7-26-0) / 169
    [junit] MAJOR: ------------------------------------------------------------
    [junit] MAJOR: [1;34m7/107 - org.joda.time.convert.TestDateConverter (16ms / 42):[0m
    [junit] MAJOR: 5784 (0 / 20 / 42) -> AVG-RTPM: 31ms
    [junit] MAJOR: Mutants killed / live: 35 (7-26-0) / 169
    [junit] MAJOR: ------------------------------------------------------------
    [junit] MAJOR: [1;34m8/107 - org.joda.time.convert.TestReadableInstantConverter (16ms / 32):[0m
    [junit] MAJOR: 6224 (0 / 14 / 32) -> AVG-RTPM: 31ms
    [junit] MAJOR: Mutants killed / live: 35 (7-26-0) / 169
    [junit] MAJOR: ------------------------------------------------------------
    [junit] MAJOR: [1;34m9/107 - org.joda.time.convert.TestReadablePartialConverter (18ms / 42):[0m
    [junit] MAJOR: 6851 (1 / 20 / 42) -> AVG-RTPM: 31ms
    [junit] MAJOR: Mutants killed / live: 36 (7-27-0) / 168
    [junit] MAJOR: ------------------------------------------------------------
    [junit] MAJOR: [1;34m10/107 - org.joda.time.format.TestPeriodFormatter (19ms / 20):[0m
    [junit] MAJOR: 7196 (0 / 7 / 20) -> AVG-RTPM: 49ms
    [junit] MAJOR: Mutants killed / live: 36 (7-27-0) / 168
    [junit] MAJOR: ------------------------------------------------------------
    [junit] MAJOR: [1;34m11/107 - org.joda.time.TestYearMonth_Properties (23ms / 68):[0m
    [junit] MAJOR: 9100 (38 / 55 / 68) -> AVG-RTPM: 34ms
    [junit] MAJOR: Mutants killed / live: 74 (26-46-0) / 130
    [junit] MAJOR: ------------------------------------------------------------
    [junit] MAJOR: [1;34m12/107 - org.joda.time.convert.TestReadableIntervalConverter (25ms / 55):[0m
    [junit] MAJOR: 9810 (0 / 20 / 55) -> AVG-RTPM: 35ms
    [junit] MAJOR: Mutants killed / live: 74 (26-46-0) / 130
    [junit] MAJOR: ------------------------------------------------------------
    [junit] MAJOR: [1;34m13/107 - org.joda.time.TestAbstractPartial (26ms / 27):[0m
    [junit] MAJOR: 10159 (0 / 12 / 27) -> AVG-RTPM: 29ms
    [junit] MAJOR: Mutants killed / live: 74 (26-46-0) / 130
    [junit] MAJOR: ------------------------------------------------------------
    [junit] MAJOR: [1;34m14/107 - org.joda.time.convert.TestNullConverter (26ms / 20):[0m
    [junit] MAJOR: 10376 (0 / 6 / 20) -> AVG-RTPM: 36ms
    [junit] MAJOR: Mutants killed / live: 74 (26-46-0) / 130
    [junit] MAJOR: ------------------------------------------------------------
    [junit] MAJOR: [1;34m15/107 - org.joda.time.field.TestUnsupportedDateTimeField (27ms / 102):[0m
    [junit] MAJOR: 12345 (13 / 72 / 102) -> AVG-RTPM: 27ms
    [junit] MAJOR: Mutants killed / live: 87 (26-59-0) / 117
    [junit] MAJOR: ------------------------------------------------------------
    [junit] MAJOR: [1;34m16/107 - org.joda.time.TestMonthDay_Properties (28ms / 68):[0m
    [junit] MAJOR: 12984 (0 / 17 / 68) -> AVG-RTPM: 37ms
    [junit] MAJOR: Mutants killed / live: 87 (26-59-0) / 117
    [junit] MAJOR: ------------------------------------------------------------
    [junit] MAJOR: [1;34m17/107 - org.joda.time.TestPartial_Properties (29ms / 51):[0m
    [junit] MAJOR: 13192 (0 / 6 / 51) -> AVG-RTPM: 34ms
    [junit] MAJOR: Mutants killed / live: 87 (26-59-0) / 117
    [junit] MAJOR: ------------------------------------------------------------
    [junit] MAJOR: [1;34m18/107 - org.joda.time.chrono.TestGregorianChronology (29ms / 42):[0m
    [junit] MAJOR: 13742 (0 / 18 / 42) -> AVG-RTPM: 30ms
    [junit] MAJOR: Mutants killed / live: 87 (26-59-0) / 117
    [junit] MAJOR: ------------------------------------------------------------
    [junit] MAJOR: [1;34m19/107 - org.joda.time.convert.TestCalendarConverter (31ms / 43):[0m
    [junit] MAJOR: 14448 (0 / 19 / 43) -> AVG-RTPM: 37ms
    [junit] MAJOR: Mutants killed / live: 87 (26-59-0) / 117
    [junit] MAJOR: ------------------------------------------------------------
    [junit] MAJOR: [1;34m20/107 - org.joda.time.TestDurationFieldType (32ms / 10):[0m
    [junit] MAJOR: 14579 (0 / 5 / 10) -> AVG-RTPM: 26ms
    [junit] MAJOR: Mutants killed / live: 87 (26-59-0) / 117
    [junit] MAJOR: ------------------------------------------------------------
    [junit] MAJOR: [1;34m21/107 - org.joda.time.chrono.TestLenientChronology (32ms / 129):[0m
    [junit] MAJOR: 17332 (19 / 80 / 129) -> AVG-RTPM: 34ms
    [junit] MAJOR: Mutants killed / live: 106 (36-68-0) / 98
    [junit] MAJOR: ------------------------------------------------------------
    [junit] MAJOR: [1;34m22/107 - org.joda.time.TestInstant_Constructors (33ms / 43):[0m
    [junit] MAJOR: 17855 (0 / 13 / 43) -> AVG-RTPM: 40ms
    [junit] MAJOR: Mutants killed / live: 106 (36-68-0) / 98
    [junit] MAJOR: ------------------------------------------------------------
    [junit] MAJOR: [1;34m23/107 - org.joda.time.TestYearMonthDay_Properties (34ms / 68):[0m
    [junit] MAJOR: 18538 (0 / 17 / 68) -> AVG-RTPM: 40ms
    [junit] MAJOR: Mutants killed / live: 106 (36-68-0) / 98
    [junit] MAJOR: ------------------------------------------------------------
    [junit] MAJOR: [1;34m24/107 - org.joda.time.TestChronology (35ms / 27):[0m
    [junit] MAJOR: 19099 (0 / 12 / 27) -> AVG-RTPM: 46ms
    [junit] MAJOR: Mutants killed / live: 106 (36-68-0) / 98
    [junit] MAJOR: ------------------------------------------------------------
    [junit] MAJOR: [1;34m25/107 - org.joda.time.TestLocalDate_Properties (35ms / 166):[0m
    [junit] MAJOR: 21494 (2 / 64 / 166) -> AVG-RTPM: 37ms
    [junit] MAJOR: Mutants killed / live: 108 (36-70-0) / 96
    [junit] MAJOR: ------------------------------------------------------------
    [junit] MAJOR: [1;34m26/107 - org.joda.time.format.TestTextFields (35ms / 42):[0m
    [junit] MAJOR: 21971 (0 / 11 / 42) -> AVG-RTPM: 43ms
    [junit] MAJOR: Mutants killed / live: 108 (36-70-0) / 96
    [junit] MAJOR: ------------------------------------------------------------
    [junit] MAJOR: [1;34m27/107 - org.joda.time.TestBaseSingleFieldPeriod (37ms / 80):[0m
    [junit] MAJOR: 23452 (9 / 35 / 80) -> AVG-RTPM: 42ms
    [junit] MAJOR: Mutants killed / live: 117 (36-79-0) / 87
    [junit] MAJOR: ------------------------------------------------------------
    [junit] MAJOR: [1;34m28/107 - org.joda.time.TestDateTimeUtils (38ms / 21):[0m
    [junit] MAJOR: 23737 (0 / 7 / 21) -> AVG-RTPM: 40ms
    [junit] MAJOR: Mutants killed / live: 117 (36-79-0) / 87
    [junit] MAJOR: ------------------------------------------------------------
    [junit] MAJOR: [1;34m29/107 - org.joda.time.TestDuration_Constructors (38ms / 56):[0m
    [junit] MAJOR: 24264 (0 / 15 / 56) -> AVG-RTPM: 35ms
    [junit] MAJOR: Mutants killed / live: 117 (36-79-0) / 87
    [junit] MAJOR: ------------------------------------------------------------
    [junit] MAJOR: [1;34m30/107 - org.joda.time.field.TestMillisDurationField (38ms / 38):[0m
    [junit] MAJOR: 24706 (8 / 15 / 38) -> AVG-RTPM: 29ms
    [junit] MAJOR: Mutants killed / live: 125 (44-79-0) / 79
    [junit] MAJOR: ------------------------------------------------------------
    [junit] MAJOR: [1;34m31/107 - org.joda.time.TestMutablePeriod_Basics (39ms / 32):[0m
    [junit] MAJOR: 24967 (0 / 5 / 32) -> AVG-RTPM: 52ms
    [junit] MAJOR: Mutants killed / live: 125 (44-79-0) / 79
    [junit] MAJOR: ------------------------------------------------------------
    [junit] MAJOR: [1;34m32/107 - org.joda.time.TestIllegalFieldValueException (41ms / 27):[0m
    [junit] MAJOR: 25440 (4 / 13 / 27) -> AVG-RTPM: 36ms
    [junit] MAJOR: Mutants killed / live: 129 (48-79-0) / 75
    [junit] MAJOR: ------------------------------------------------------------
    [junit] MAJOR: [1;34m33/107 - org.joda.time.TestYearMonthDay_Constructors (41ms / 43):[0m
    [junit] MAJOR: 25772 (0 / 8 / 43) -> AVG-RTPM: 41ms
    [junit] MAJOR: Mutants killed / live: 129 (48-79-0) / 75
    [junit] MAJOR: ------------------------------------------------------------
    [junit] MAJOR: [1;34m34/107 - org.joda.time.field.TestPreciseDurationField (43ms / 87):[0m
    [junit] MAJOR: 26556 (4 / 34 / 87) -> AVG-RTPM: 23ms
    [junit] MAJOR: Mutants killed / live: 133 (51-80-0) / 71
    [junit] MAJOR: ------------------------------------------------------------
    [junit] MAJOR: [1;34m35/107 - org.joda.time.TestMutableDateTime_Adds (44ms / 112):[0m
    [junit] MAJOR: 27868 (0 / 37 / 112) -> AVG-RTPM: 35ms
    [junit] MAJOR: Mutants killed / live: 133 (51-80-0) / 71
    [junit] MAJOR: ------------------------------------------------------------
    [junit] MAJOR: [1;34m36/107 - org.joda.time.TestDateTimeFieldType (45ms / 10):[0m
    [junit] MAJOR: 28007 (0 / 3 / 10) -> AVG-RTPM: 46ms
    [junit] MAJOR: Mutants killed / live: 133 (51-80-0) / 71
    [junit] MAJOR: ------------------------------------------------------------
    [junit] MAJOR: [1;34m37/107 - org.joda.time.field.TestScaledDurationField (45ms / 49):[0m
    [junit] MAJOR: 28196 (1 / 8 / 49) -> AVG-RTPM: 23ms
    [junit] MAJOR: Mutants killed / live: 134 (52-80-0) / 70
    [junit] MAJOR: ------------------------------------------------------------
    [junit] MAJOR: [1;34m38/107 - org.joda.time.TestYearMonth_Constructors (46ms / 43):[0m
    [junit] MAJOR: 28477 (0 / 8 / 43) -> AVG-RTPM: 35ms
    [junit] MAJOR: Mutants killed / live: 134 (52-80-0) / 70
    [junit] MAJOR: ------------------------------------------------------------
    [junit] MAJOR: [1;34m39/107 - org.joda.time.TestMutableInterval_Basics (47ms / 70):[0m
    [junit] MAJOR: 29219 (0 / 17 / 70) -> AVG-RTPM: 43ms
    [junit] MAJOR: Mutants killed / live: 134 (52-80-0) / 70
    [junit] MAJOR: ------------------------------------------------------------
    [junit] MAJOR: [1;34m40/107 - org.joda.time.TestDateMidnight_Properties (48ms / 148):[0m
    [junit] MAJOR: 31271 (0 / 45 / 148) -> AVG-RTPM: 45ms
    [junit] MAJOR: Mutants killed / live: 134 (52-80-0) / 70
    [junit] MAJOR: ------------------------------------------------------------
    [junit] MAJOR: [1;34m41/107 - org.joda.time.TestMonthDay_Constructors (48ms / 43):[0m
    [junit] MAJOR: 31590 (0 / 8 / 43) -> AVG-RTPM: 39ms
    [junit] MAJOR: Mutants killed / live: 134 (52-80-0) / 70
    [junit] MAJOR: ------------------------------------------------------------
    [junit] MAJOR: [1;34m42/107 - org.joda.time.TestYears (48ms / 72):[0m
    [junit] MAJOR: 32516 (11 / 27 / 72) -> AVG-RTPM: 34ms
    [junit] MAJOR: Mutants killed / live: 145 (62-81-0) / 59
    [junit] MAJOR: ------------------------------------------------------------
    [junit] MAJOR: [1;34m43/107 - org.joda.time.TestMonths (49ms / 72):[0m
    [junit] MAJOR: 33164 (0 / 16 / 72) -> AVG-RTPM: 40ms
    [junit] MAJOR: Mutants killed / live: 145 (62-81-0) / 59
    [junit] MAJOR: ------------------------------------------------------------
    [junit] MAJOR: [1;34m44/107 - org.joda.time.format.TestDateTimeFormatStyle (52ms / 43):[0m
    [junit] MAJOR: 33404 (0 / 6 / 43) -> AVG-RTPM: 39ms
    [junit] MAJOR: Mutants killed / live: 145 (62-81-0) / 59
    [junit] MAJOR: ------------------------------------------------------------
    [junit] MAJOR: [1;34m45/107 - org.joda.time.TestDays (55ms / 149):[0m
    [junit] MAJOR: 35284 (0 / 43 / 149) -> AVG-RTPM: 43ms
    [junit] MAJOR: Mutants killed / live: 145 (62-81-0) / 59
    [junit] MAJOR: ------------------------------------------------------------
    [junit] MAJOR: [1;34m46/107 - org.joda.time.TestLocalTime_Properties (55ms / 65):[0m
    [junit] MAJOR: 35478 (0 / 7 / 65) -> AVG-RTPM: 27ms
    [junit] MAJOR: Mutants killed / live: 145 (62-81-0) / 59
    [junit] MAJOR: ------------------------------------------------------------
    [junit] MAJOR: [1;34m47/107 - org.joda.time.TestInstant_Basics (56ms / 50):[0m
    [junit] MAJOR: 35815 (0 / 9 / 50) -> AVG-RTPM: 37ms
    [junit] MAJOR: Mutants killed / live: 145 (62-81-0) / 59
    [junit] MAJOR: ------------------------------------------------------------
    [junit] MAJOR: [1;34m48/107 - org.joda.time.format.TestDateTimeFormatterBuilder (56ms / 57):[0m
    [junit] MAJOR: 36284 (1 / 11 / 57) -> AVG-RTPM: 42ms
    [junit] MAJOR: Mutants killed / live: 146 (62-82-0) / 58
    [junit] MAJOR: ------------------------------------------------------------
    [junit] MAJOR: [1;34m49/107 - org.joda.time.TestHours (57ms / 149):[0m
    [junit] MAJOR: 38145 (0 / 42 / 149) -> AVG-RTPM: 44ms
    [junit] MAJOR: Mutants killed / live: 146 (62-82-0) / 58
    [junit] MAJOR: ------------------------------------------------------------
    [junit] MAJOR: [1;34m50/107 - org.joda.time.TestMinutes (57ms / 149):[0m
    [junit] MAJOR: 40121 (0 / 42 / 149) -> AVG-RTPM: 47ms
    [junit] MAJOR: Mutants killed / live: 146 (62-82-0) / 58
    [junit] MAJOR: ------------------------------------------------------------
    [junit] MAJOR: [1;34m51/107 - org.joda.time.TestMutableInterval_Updates (57ms / 56):[0m
    [junit] MAJOR: 40352 (0 / 6 / 56) -> AVG-RTPM: 38ms
    [junit] MAJOR: Mutants killed / live: 146 (62-82-0) / 58
    [junit] MAJOR: ------------------------------------------------------------
    [junit] MAJOR: [1;34m52/107 - org.joda.time.TestSeconds (57ms / 149):[0m
    [junit] MAJOR: 42264 (0 / 42 / 149) -> AVG-RTPM: 45ms
    [junit] MAJOR: Mutants killed / live: 146 (62-82-0) / 58
    [junit] MAJOR: ------------------------------------------------------------
    [junit] MAJOR: [1;34m53/107 - org.joda.time.TestDateTimeComparator (63ms / 42):[0m
    [junit] MAJOR: 42471 (0 / 4 / 42) -> AVG-RTPM: 51ms
    [junit] MAJOR: Mutants killed / live: 146 (62-82-0) / 58
    [junit] MAJOR: ------------------------------------------------------------
    [junit] MAJOR: [1;34m54/107 - org.joda.time.TestLocalDateTime_Constructors (64ms / 42):[0m
    [junit] MAJOR: 42649 (2 / 4 / 42) -> AVG-RTPM: 44ms
    [junit] MAJOR: Mutants killed / live: 148 (64-82-0) / 56
    [junit] MAJOR: ------------------------------------------------------------
    [junit] MAJOR: [1;34m55/107 - org.joda.time.TestMutableDateTime_Basics (66ms / 49):[0m
    [junit] MAJOR: 43003 (0 / 8 / 49) -> AVG-RTPM: 44ms
    [junit] MAJOR: Mutants killed / live: 148 (64-82-0) / 56
    [junit] MAJOR: ------------------------------------------------------------
    [junit] MAJOR: [1;34m56/107 - org.joda.time.TestYearMonth_Basics (67ms / 60):[0m
    [junit] MAJOR: 43535 (0 / 9 / 60) -> AVG-RTPM: 59ms
    [junit] MAJOR: Mutants killed / live: 148 (64-82-0) / 56
    [junit] MAJOR: ------------------------------------------------------------
    [junit] MAJOR: [1;34m57/107 - org.joda.time.TestLocalDateTime_Properties (68ms / 93):[0m
    [junit] MAJOR: 44016 (0 / 14 / 93) -> AVG-RTPM: 34ms
    [junit] MAJOR: Mutants killed / live: 148 (64-82-0) / 56
    [junit] MAJOR: ------------------------------------------------------------
    [junit] MAJOR: [1;34m58/107 - org.joda.time.TestMutableDateTime_Constructors (68ms / 57):[0m
    [junit] MAJOR: 44364 (0 / 8 / 57) -> AVG-RTPM: 43ms
    [junit] MAJOR: Mutants killed / live: 148 (64-82-0) / 56
    [junit] MAJOR: ------------------------------------------------------------
    [junit] MAJOR: [1;34m59/107 - org.joda.time.field.TestBaseDateTimeField (68ms / 68):[0m
    [junit] MAJOR: 44614 (0 / 8 / 68) -> AVG-RTPM: 31ms
    [junit] MAJOR: Mutants killed / live: 148 (64-82-0) / 56
    [junit] MAJOR: ------------------------------------------------------------
    [junit] MAJOR: [1;34m60/107 - org.joda.time.field.TestPreciseDurationDateTimeField (68ms / 68):[0m
    [junit] MAJOR: 44883 (0 / 8 / 68) -> AVG-RTPM: 33ms
    [junit] MAJOR: Mutants killed / live: 148 (64-82-0) / 56
    [junit] MAJOR: ------------------------------------------------------------
    [junit] MAJOR: [1;34m61/107 - org.joda.time.TestTimeOfDay_Constructors (69ms / 43):[0m
    [junit] MAJOR: 45014 (0 / 3 / 43) -> AVG-RTPM: 43ms
    [junit] MAJOR: Mutants killed / live: 148 (64-82-0) / 56
    [junit] MAJOR: ------------------------------------------------------------
    [junit] MAJOR: [1;34m62/107 - org.joda.time.field.TestPreciseDateTimeField (69ms / 68):[0m
    [junit] MAJOR: 45313 (0 / 8 / 68) -> AVG-RTPM: 37ms
    [junit] MAJOR: Mutants killed / live: 148 (64-82-0) / 56
    [junit] MAJOR: ------------------------------------------------------------
    [junit] MAJOR: [1;34m63/107 - org.joda.time.convert.TestStringConverter (70ms / 78):[0m
    [junit] MAJOR: 46124 (0 / 13 / 78) -> AVG-RTPM: 62ms
    [junit] MAJOR: Mutants killed / live: 148 (64-82-0) / 56
    [junit] MAJOR: ------------------------------------------------------------
    [junit] MAJOR: [1;34m64/107 - org.joda.time.field.TestOffsetDateTimeField (70ms / 85):[0m
    [junit] MAJOR: 46450 (0 / 11 / 85) -> AVG-RTPM: 29ms
    [junit] MAJOR: Mutants killed / live: 148 (64-82-0) / 56
    [junit] MAJOR: ------------------------------------------------------------
    [junit] MAJOR: [1;34m65/107 - org.joda.time.TestTimeOfDay_Basics (72ms / 60):[0m
    [junit] MAJOR: 46955 (0 / 9 / 60) -> AVG-RTPM: 56ms
    [junit] MAJOR: Mutants killed / live: 148 (64-82-0) / 56
    [junit] MAJOR: ------------------------------------------------------------
    [junit] MAJOR: [1;34m66/107 - org.joda.time.TestLocalTime_Basics (73ms / 105):[0m
    [junit] MAJOR: 48645 (0 / 32 / 105) -> AVG-RTPM: 52ms
    [junit] MAJOR: Mutants killed / live: 148 (64-82-0) / 56
    [junit] MAJOR: ------------------------------------------------------------
    [junit] MAJOR: [1;34m67/107 - org.joda.time.TestLocalTime_Constructors (75ms / 42):[0m
    [junit] MAJOR: 48755 (0 / 2 / 42) -> AVG-RTPM: 55ms
    [junit] MAJOR: Mutants killed / live: 148 (64-82-0) / 56
    [junit] MAJOR: ------------------------------------------------------------
    [junit] MAJOR: [1;34m68/107 - org.joda.time.chrono.TestISOChronology (75ms / 70):[0m
    [junit] MAJOR: 49597 (0 / 13 / 70) -> AVG-RTPM: 64ms
    [junit] MAJOR: Mutants killed / live: 148 (64-82-0) / 56
    [junit] MAJOR: ------------------------------------------------------------
    [junit] MAJOR: [1;34m69/107 - org.joda.time.format.TestISODateTimeFormatParsing (75ms / 43):[0m
    [junit] MAJOR: 49723 (0 / 3 / 43) -> AVG-RTPM: 42ms
    [junit] MAJOR: Mutants killed / live: 148 (64-82-0) / 56
    [junit] MAJOR: ------------------------------------------------------------
    [junit] MAJOR: [1;34m70/107 - org.joda.time.tz.TestBuilder (75ms / 59):[0m
    [junit] MAJOR: 50264 (0 / 7 / 59) -> AVG-RTPM: 77ms
    [junit] MAJOR: Mutants killed / live: 148 (64-82-0) / 56
    [junit] MAJOR: ------------------------------------------------------------
    [junit] MAJOR: [1;34m71/107 - org.joda.time.format.TestISODateTimeFormat (76ms / 42):[0m
    [junit] MAJOR: 50357 (0 / 2 / 42) -> AVG-RTPM: 46ms
    [junit] MAJOR: Mutants killed / live: 148 (64-82-0) / 56
    [junit] MAJOR: ------------------------------------------------------------
    [junit] MAJOR: [1;34m72/107 - org.joda.time.TestDateMidnight_Constructors (77ms / 43):[0m
    [junit] MAJOR: 50500 (0 / 3 / 43) -> AVG-RTPM: 47ms
    [junit] MAJOR: Mutants killed / live: 148 (64-82-0) / 56
    [junit] MAJOR: ------------------------------------------------------------
    [junit] MAJOR: [1;34m73/107 - org.joda.time.TestMonthDay_Basics (81ms / 66):[0m
    [junit] MAJOR: 51560 (0 / 14 / 66) -> AVG-RTPM: 75ms
    [junit] MAJOR: Mutants killed / live: 148 (64-82-0) / 56
    [junit] MAJOR: ------------------------------------------------------------
    [junit] MAJOR: [1;34m74/107 - org.joda.time.TestStringConvert (81ms / 43):[0m
    [junit] MAJOR: 51975 (0 / 4 / 43) -> AVG-RTPM: 103ms
    [junit] MAJOR: Mutants killed / live: 148 (64-82-0) / 56
    [junit] MAJOR: ------------------------------------------------------------
    [junit] MAJOR: [1;34m75/107 - org.joda.time.TestMutableDateTime_Sets (82ms / 42):[0m
    [junit] MAJOR: 52079 (0 / 2 / 42) -> AVG-RTPM: 52ms
    [junit] MAJOR: Mutants killed / live: 148 (64-82-0) / 56
    [junit] MAJOR: ------------------------------------------------------------
    [junit] MAJOR: [1;34m76/107 - org.joda.time.tz.TestCompiler (83ms / 132):[0m
    [junit] MAJOR: 55231 (0 / 37 / 132) -> AVG-RTPM: 85ms
    [junit] MAJOR: Mutants killed / live: 148 (64-82-0) / 56
    [junit] MAJOR: ------------------------------------------------------------
    [junit] MAJOR: [1;34m77/107 - org.joda.time.TestMutableDateTime_Properties (85ms / 75):[0m
    [junit] MAJOR: 55603 (0 / 9 / 75) -> AVG-RTPM: 41ms
    [junit] MAJOR: Mutants killed / live: 148 (64-82-0) / 56
    [junit] MAJOR: ------------------------------------------------------------
    [junit] MAJOR: [1;34m78/107 - org.joda.time.TestDateTime_Constructors (86ms / 57):[0m
    [junit] MAJOR: 55939 (0 / 8 / 57) -> AVG-RTPM: 42ms
    [junit] MAJOR: Mutants killed / live: 148 (64-82-0) / 56
    [junit] MAJOR: ------------------------------------------------------------
    [junit] MAJOR: [1;34m79/107 - org.joda.time.TestLocalDateTime_Basics (86ms / 108):[0m
    [junit] MAJOR: 58251 (0 / 36 / 108) -> AVG-RTPM: 64ms
    [junit] MAJOR: Mutants killed / live: 148 (64-82-0) / 56
    [junit] MAJOR: ------------------------------------------------------------
    [junit] MAJOR: [1;34m80/107 - org.joda.time.TestYearMonthDay_Basics (86ms / 66):[0m
    [junit] MAJOR: 58945 (0 / 12 / 66) -> AVG-RTPM: 57ms
    [junit] MAJOR: Mutants killed / live: 148 (64-82-0) / 56
    [junit] MAJOR: ------------------------------------------------------------
    [junit] MAJOR: [1;34m81/107 - org.joda.time.format.TestDateTimeFormatter (86ms / 57):[0m
    [junit] MAJOR: 59489 (0 / 8 / 57) -> AVG-RTPM: 68ms
    [junit] MAJOR: Mutants killed / live: 148 (64-82-0) / 56
    [junit] MAJOR: ------------------------------------------------------------
    [junit] MAJOR: [1;34m82/107 - org.joda.time.TestMutableInterval_Constructors (87ms / 113):[0m
    [junit] MAJOR: 61217 (0 / 31 / 113) -> AVG-RTPM: 55ms
    [junit] MAJOR: Mutants killed / live: 148 (64-82-0) / 56
    [junit] MAJOR: ------------------------------------------------------------
    [junit] MAJOR: [1;34m83/107 - org.joda.time.TestMutablePeriod_Constructors (87ms / 66):[0m
    [junit] MAJOR: 61572 (0 / 7 / 66) -> AVG-RTPM: 50ms
    [junit] MAJOR: Mutants killed / live: 148 (64-82-0) / 56
    [junit] MAJOR: ------------------------------------------------------------
    [junit] MAJOR: [1;34m84/107 - org.joda.time.TestPartial_Basics (87ms / 35):[0m
    [junit] MAJOR: 61993 (0 / 8 / 35) -> AVG-RTPM: 52ms
    [junit] MAJOR: Mutants killed / live: 148 (64-82-0) / 56
    [junit] MAJOR: ------------------------------------------------------------
    [junit] MAJOR: [1;34m85/107 - org.joda.time.TestTimeOfDay_Properties (87ms / 51):[0m
    [junit] MAJOR: 62424 (0 / 6 / 51) -> AVG-RTPM: 71ms
    [junit] MAJOR: Mutants killed / live: 148 (64-82-0) / 56
    [junit] MAJOR: ------------------------------------------------------------
    [junit] MAJOR: [1;34m86/107 - org.joda.time.TestDateTimeZone (90ms / 56):[0m
    [junit] MAJOR: 62874 (0 / 7 / 56) -> AVG-RTPM: 64ms
    [junit] MAJOR: Mutants killed / live: 148 (64-82-0) / 56
    [junit] MAJOR: ------------------------------------------------------------
    [junit] MAJOR: [1;34m87/107 - org.joda.time.TestDuration_Basics (90ms / 92):[0m
    [junit] MAJOR: 63670 (0 / 14 / 92) -> AVG-RTPM: 56ms
    [junit] MAJOR: Mutants killed / live: 148 (64-82-0) / 56
    [junit] MAJOR: ------------------------------------------------------------
    [junit] MAJOR: [1;34m88/107 - org.joda.time.TestInterval_Constructors (91ms / 113):[0m
    [junit] MAJOR: 65604 (0 / 31 / 113) -> AVG-RTPM: 62ms
    [junit] MAJOR: Mutants killed / live: 148 (64-82-0) / 56
    [junit] MAJOR: ------------------------------------------------------------
    [junit] MAJOR: [1;34m89/107 - org.joda.time.TestDateTime_Properties (96ms / 166):[0m
    [junit] MAJOR: 67988 (0 / 43 / 166) -> AVG-RTPM: 55ms
    [junit] MAJOR: Mutants killed / live: 148 (64-82-0) / 56
    [junit] MAJOR: ------------------------------------------------------------
    [junit] MAJOR: [1;34m90/107 - org.joda.time.convert.TestConverterManager (97ms / 32):[0m
    [junit] MAJOR: 68028 (0 / 1 / 32) -> AVG-RTPM: 40ms
    [junit] MAJOR: Mutants killed / live: 148 (64-82-0) / 56
    [junit] MAJOR: ------------------------------------------------------------
    [junit] MAJOR: [1;34m91/107 - org.joda.time.format.TestDateTimeFormat (100ms / 43):[0m
    [junit] MAJOR: 68180 (0 / 3 / 43) -> AVG-RTPM: 50ms
    [junit] MAJOR: Mutants killed / live: 148 (64-82-0) / 56
    [junit] MAJOR: ------------------------------------------------------------
    [junit] MAJOR: [1;34m92/107 - org.joda.time.TestMutablePeriod_Updates (103ms / 69):[0m
    [junit] MAJOR: 68533 (0 / 8 / 69) -> AVG-RTPM: 44ms
    [junit] MAJOR: Mutants killed / live: 148 (64-82-0) / 56
    [junit] MAJOR: ------------------------------------------------------------
    [junit] MAJOR: [1;34m93/107 - org.joda.time.TestLocalDate_Basics (105ms / 136):[0m
    [junit] MAJOR: 71851 (0 / 42 / 136) -> AVG-RTPM: 79ms
    [junit] MAJOR: Mutants killed / live: 148 (64-82-0) / 56
    [junit] MAJOR: ------------------------------------------------------------
    [junit] MAJOR: [1;34m94/107 - org.joda.time.chrono.TestGJChronology (106ms / 84):[0m
    [junit] MAJOR: 73665 (0 / 14 / 84) -> AVG-RTPM: 129ms
    [junit] MAJOR: Mutants killed / live: 148 (64-82-0) / 56
    [junit] MAJOR: ------------------------------------------------------------
    [junit] MAJOR: [1;34m95/107 - org.joda.time.TestDateTime_Basics (108ms / 119):[0m
    [junit] MAJOR: 76263 (0 / 37 / 119) -> AVG-RTPM: 70ms
    [junit] MAJOR: Mutants killed / live: 148 (64-82-0) / 56
    [junit] MAJOR: ------------------------------------------------------------
    [junit] MAJOR: [1;34m96/107 - org.joda.time.TestSerialization (110ms / 43):[0m
    [junit] MAJOR: 76496 (0 / 3 / 43) -> AVG-RTPM: 77ms
    [junit] MAJOR: Mutants killed / live: 148 (64-82-0) / 56
    [junit] MAJOR: ------------------------------------------------------------
    [junit] MAJOR: [1;34m97/107 - org.joda.time.TestLocalDate_Constructors (111ms / 42):[0m
    [junit] MAJOR: 76601 (0 / 2 / 42) -> AVG-RTPM: 52ms
    [junit] MAJOR: Mutants killed / live: 148 (64-82-0) / 56
    [junit] MAJOR: ------------------------------------------------------------
    [junit] MAJOR: [1;34m98/107 - org.joda.time.TestPeriod_Basics (113ms / 66):[0m
    [junit] MAJOR: 77235 (3 / 12 / 66) -> AVG-RTPM: 52ms
    [junit] MAJOR: Mutants killed / live: 151 (66-83-0) / 53
    [junit] MAJOR: ------------------------------------------------------------
    [junit] MAJOR: [1;34m99/107 - org.joda.time.TestInterval_Basics (114ms / 119):[0m
    [junit] MAJOR: 79716 (0 / 36 / 119) -> AVG-RTPM: 68ms
    [junit] MAJOR: Mutants killed / live: 151 (66-83-0) / 53
    [junit] MAJOR: ------------------------------------------------------------
    [junit] MAJOR: [1;34m100/107 - org.joda.time.TestDateMidnight_Basics (123ms / 119):[0m
    [junit] MAJOR: 82072 (0 / 37 / 119) -> AVG-RTPM: 63ms
    [junit] MAJOR: Mutants killed / live: 151 (66-83-0) / 53
    [junit] MAJOR: ------------------------------------------------------------
    [junit] MAJOR: [1;34m101/107 - org.joda.time.TestPeriod_Constructors (126ms / 80):[0m
    [junit] MAJOR: 82587 (0 / 9 / 80) -> AVG-RTPM: 57ms
    [junit] MAJOR: Mutants killed / live: 151 (66-83-0) / 53
    [junit] MAJOR: ------------------------------------------------------------
    [junit] MAJOR: [1;34m102/107 - org.joda.time.TestDateTimeZoneCutover (159ms / 107):[0m
    [junit] MAJOR: 83546 (0 / 14 / 107) -> AVG-RTPM: 68ms
    [junit] MAJOR: Mutants killed / live: 151 (66-83-0) / 53
    [junit] MAJOR: ------------------------------------------------------------
    [junit] MAJOR: [1;34m103/107 - org.joda.time.TestWeeks (165ms / 149):[0m
    [junit] MAJOR: 85541 (0 / 37 / 149) -> AVG-RTPM: 53ms
    [junit] MAJOR: Mutants killed / live: 151 (66-83-0) / 53
    [junit] MAJOR: ------------------------------------------------------------
    [junit] MAJOR: [1;34m104/107 - org.joda.time.chrono.TestCopticChronology (318ms / 128):[0m
    [junit] MAJOR: 93459 (0 / 34 / 128) -> AVG-RTPM: 232ms
    [junit] MAJOR: Mutants killed / live: 151 (66-83-0) / 53
    [junit] MAJOR: ------------------------------------------------------------
    [junit] MAJOR: [1;34m105/107 - org.joda.time.chrono.TestEthiopicChronology (333ms / 128):[0m
    [junit] MAJOR: 101831 (0 / 34 / 128) -> AVG-RTPM: 246ms
    [junit] MAJOR: Mutants killed / live: 151 (66-83-0) / 53
    [junit] MAJOR: ------------------------------------------------------------
    [junit] MAJOR: [1;34m106/107 - org.joda.time.chrono.TestIslamicChronology (401ms / 69):[0m
    [junit] MAJOR: 104399 (0 / 6 / 69) -> AVG-RTPM: 428ms
    [junit] MAJOR: Mutants killed / live: 151 (66-83-0) / 53
    [junit] MAJOR: ------------------------------------------------------------
    [junit] MAJOR: [1;34m107/107 - org.joda.time.chrono.TestBuddhistChronology (454ms / 38):[0m
    [junit] MAJOR: 106960 (0 / 6 / 38) -> AVG-RTPM: 426ms
    [junit] MAJOR: Mutants killed / live: 151 (66-83-0) / 53
    [junit] MAJOR: ------------------------------------------------------------
    [junit] MAJOR: Summary:
    [junit] MAJOR: 
    [junit] MAJOR: Analysis time:  107.0 seconds
    [junit] MAJOR: Mutation score: 69.59% (74.02%)
    [junit] MAJOR: Mutants killed / live: 151 (66-83-0) / 53
    [junit] MAJOR: Mutant executions: 1909
    [junit] MAJOR: ------------------------------------------------------------
    [junit] MAJOR: Export summary of results to summary.csv
    [junit] MAJOR: Export mutant kill details to /tmp/Time/Time-15b/kill.csv

BUILD SUCCESSFUL
Total time: 1 minute 59 seconds
