
init:
     [echo] -------- Commons MATH 3.0-SNAPSHOT --------

compile:

check-availability:
     [echo] doing check-availability...

download-dependencies:
     [echo] doing download-dependencies...

download-junit:

compile.tests:

update.all.tests:

mutation.test:
     [echo] Running mutation analysis ...
    [junit] MAJOR: Mutation analysis enabled
    [junit] MAJOR: [1;31morg.apache.commons.math3.distribution.BinomialDistributionTest[testMath718] failed![0m
    [junit] MAJOR: [1;31m -> org.apache.commons.math3.exception.ConvergenceException[0m
    [junit] MAJOR: [1;31m -> "illegal state: Continued fraction diverged to NaN for value 0.5"[0m
    [junit] MAJOR: [1;31morg.apache.commons.math3.distribution.FDistributionTest[testMath785] failed![0m
    [junit] MAJOR: [1;31m -> AssertionFailedError[0m
    [junit] MAJOR: [1;31m -> "Failing to calculate inverse cumulative probability"[0m
    [junit] MAJOR: Exclude 2 failing test classes:
    [junit] MAJOR: [1;31m - org.apache.commons.math3.distribution.BinomialDistributionTest[0m
    [junit] MAJOR: [1;31m - org.apache.commons.math3.distribution.FDistributionTest[0m
    [junit] MAJOR: ------------------------------------------------------------
    [junit] MAJOR: Run 29 ordered tests to verify independence
    [junit] MAJOR: ------------------------------------------------------------
    [junit] MAJOR: Preprocessing time: 9.07 seconds
    [junit] MAJOR: ------------------------------------------------------------
    [junit] MAJOR: Mutants generated: 150
    [junit] MAJOR: Mutants covered:   118 (78.67%)
    [junit] MAJOR: ------------------------------------------------------------
    [junit] MAJOR: Export test map to testMap.csv
    [junit] MAJOR: ------------------------------------------------------------
    [junit] MAJOR: Run mutation analysis with 29 individual tests
    [junit] MAJOR: ------------------------------------------------------------
    [junit] MAJOR: [1;34m1/29 - org.apache.commons.math3.util.ContinuedFractionTest (4ms / 63):[0m
    [junit] MAJOR: 856 (51 / 63 / 63) -> AVG-RTPM: 13ms
    [junit] MAJOR: Mutants killed / live: 51 (21-29-0) / 67
    [junit] MAJOR: ------------------------------------------------------------
    [junit] MAJOR: [1;34m2/29 - org.apache.commons.math3.stat.inference.MannWhitneyUTestTest (7ms / 0):[0m
    [junit] MAJOR: 857 (0 / 0 / 0) -> AVG-RTPM: 0ms
    [junit] MAJOR: Mutants killed / live: 51 (21-29-0) / 67
    [junit] MAJOR: ------------------------------------------------------------
    [junit] MAJOR: [1;34m3/29 - org.apache.commons.math3.stat.inference.WilcoxonSignedRankTestTest (9ms / 63):[0m
    [junit] MAJOR: 1268 (1 / 12 / 63) -> AVG-RTPM: 34ms
    [junit] MAJOR: Mutants killed / live: 52 (21-30-0) / 66
    [junit] MAJOR: ------------------------------------------------------------
    [junit] MAJOR: [1;34m4/29 - org.apache.commons.math3.stat.inference.OneWayAnovaTest (17ms / 63):[0m
    [junit] MAJOR: 1579 (0 / 11 / 63) -> AVG-RTPM: 28ms
    [junit] MAJOR: Mutants killed / live: 52 (21-30-0) / 66
    [junit] MAJOR: ------------------------------------------------------------
    [junit] MAJOR: [1;34m5/29 - org.apache.commons.math3.special.GammaTest (20ms / 0):[0m
    [junit] MAJOR: 1579 (0 / 0 / 0) -> AVG-RTPM: 0ms
    [junit] MAJOR: Mutants killed / live: 52 (21-30-0) / 66
    [junit] MAJOR: ------------------------------------------------------------
    [junit] MAJOR: [1;34m6/29 - org.apache.commons.math3.stat.inference.ChiSquareTestTest (20ms / 63):[0m
    [junit] MAJOR: 1873 (0 / 11 / 63) -> AVG-RTPM: 26ms
    [junit] MAJOR: Mutants killed / live: 52 (21-30-0) / 66
    [junit] MAJOR: ------------------------------------------------------------
    [junit] MAJOR: [1;34m7/29 - org.apache.commons.math3.stat.inference.TTestTest (21ms / 63):[0m
    [junit] MAJOR: 2134 (0 / 11 / 63) -> AVG-RTPM: 23ms
    [junit] MAJOR: Mutants killed / live: 52 (21-30-0) / 66
    [junit] MAJOR: ------------------------------------------------------------
    [junit] MAJOR: [1;34m8/29 - org.apache.commons.math3.distribution.UniformIntegerDistributionTest (23ms / 0):[0m
    [junit] MAJOR: 2134 (0 / 0 / 0) -> AVG-RTPM: 0ms
    [junit] MAJOR: Mutants killed / live: 52 (21-30-0) / 66
    [junit] MAJOR: ------------------------------------------------------------
    [junit] MAJOR: [1;34m9/29 - org.apache.commons.math3.special.ErfTest (24ms / 63):[0m
    [junit] MAJOR: 2479 (0 / 11 / 63) -> AVG-RTPM: 31ms
    [junit] MAJOR: Mutants killed / live: 52 (21-30-0) / 66
    [junit] MAJOR: ------------------------------------------------------------
    [junit] MAJOR: [1;34m10/29 - org.apache.commons.math3.distribution.WeibullDistributionTest (25ms / 0):[0m
    [junit] MAJOR: 2479 (0 / 0 / 0) -> AVG-RTPM: 0ms
    [junit] MAJOR: Mutants killed / live: 52 (21-30-0) / 66
    [junit] MAJOR: ------------------------------------------------------------
    [junit] MAJOR: [1;34m11/29 - org.apache.commons.math3.special.BetaTest (25ms / 63):[0m
    [junit] MAJOR: 2687 (0 / 11 / 63) -> AVG-RTPM: 18ms
    [junit] MAJOR: Mutants killed / live: 52 (21-30-0) / 66
    [junit] MAJOR: ------------------------------------------------------------
    [junit] MAJOR: [1;34m12/29 - org.apache.commons.math3.distribution.UniformRealDistributionTest (28ms / 0):[0m
    [junit] MAJOR: 2688 (0 / 0 / 0) -> AVG-RTPM: 0ms
    [junit] MAJOR: Mutants killed / live: 52 (21-30-0) / 66
    [junit] MAJOR: ------------------------------------------------------------
    [junit] MAJOR: [1;34m13/29 - org.apache.commons.math3.distribution.CauchyDistributionTest (29ms / 0):[0m
    [junit] MAJOR: 2688 (0 / 0 / 0) -> AVG-RTPM: 0ms
    [junit] MAJOR: Mutants killed / live: 52 (21-30-0) / 66
    [junit] MAJOR: ------------------------------------------------------------
    [junit] MAJOR: [1;34m14/29 - org.apache.commons.math3.stat.inference.TestUtilsTest (29ms / 63):[0m
    [junit] MAJOR: 3042 (0 / 11 / 63) -> AVG-RTPM: 32ms
    [junit] MAJOR: Mutants killed / live: 52 (21-30-0) / 66
    [junit] MAJOR: ------------------------------------------------------------
    [junit] MAJOR: [1;34m15/29 - org.apache.commons.math3.distribution.TriangularDistributionTest (30ms / 0):[0m
    [junit] MAJOR: 3042 (0 / 0 / 0) -> AVG-RTPM: 0ms
    [junit] MAJOR: Mutants killed / live: 52 (21-30-0) / 66
    [junit] MAJOR: ------------------------------------------------------------
    [junit] MAJOR: [1;34m16/29 - org.apache.commons.math3.stat.correlation.SpearmansRankCorrelationTest (31ms / 63):[0m
    [junit] MAJOR: 3504 (0 / 11 / 63) -> AVG-RTPM: 42ms
    [junit] MAJOR: Mutants killed / live: 52 (21-30-0) / 66
    [junit] MAJOR: ------------------------------------------------------------
    [junit] MAJOR: [1;34m17/29 - org.apache.commons.math3.distribution.ExponentialDistributionTest (32ms / 0):[0m
    [junit] MAJOR: 3505 (0 / 0 / 0) -> AVG-RTPM: 0ms
    [junit] MAJOR: Mutants killed / live: 52 (21-30-0) / 66
    [junit] MAJOR: ------------------------------------------------------------
    [junit] MAJOR: [1;34m18/29 - org.apache.commons.math3.distribution.ZipfDistributionTest (34ms / 0):[0m
    [junit] MAJOR: 3505 (0 / 0 / 0) -> AVG-RTPM: 0ms
    [junit] MAJOR: Mutants killed / live: 52 (21-30-0) / 66
    [junit] MAJOR: ------------------------------------------------------------
    [junit] MAJOR: [1;34m19/29 - org.apache.commons.math3.stat.regression.SimpleRegressionTest (38ms / 63):[0m
    [junit] MAJOR: 3826 (0 / 11 / 63) -> AVG-RTPM: 29ms
    [junit] MAJOR: Mutants killed / live: 52 (21-30-0) / 66
    [junit] MAJOR: ------------------------------------------------------------
    [junit] MAJOR: [1;34m20/29 - org.apache.commons.math3.stat.correlation.PearsonsCorrelationTest (40ms / 63):[0m
    [junit] MAJOR: 4200 (0 / 11 / 63) -> AVG-RTPM: 34ms
    [junit] MAJOR: Mutants killed / live: 52 (21-30-0) / 66
    [junit] MAJOR: ------------------------------------------------------------
    [junit] MAJOR: [1;34m21/29 - org.apache.commons.math3.distribution.NormalDistributionTest (49ms / 63):[0m
    [junit] MAJOR: 4606 (0 / 11 / 63) -> AVG-RTPM: 36ms
    [junit] MAJOR: Mutants killed / live: 52 (21-30-0) / 66
    [junit] MAJOR: ------------------------------------------------------------
    [junit] MAJOR: [1;34m22/29 - org.apache.commons.math3.distribution.PascalDistributionTest (52ms / 63):[0m
    [junit] MAJOR: 5051 (0 / 11 / 63) -> AVG-RTPM: 40ms
    [junit] MAJOR: Mutants killed / live: 52 (21-30-0) / 66
    [junit] MAJOR: ------------------------------------------------------------
    [junit] MAJOR: [1;34m23/29 - org.apache.commons.math3.distribution.BetaDistributionTest (61ms / 63):[0m
    [junit] MAJOR: 5580 (0 / 11 / 63) -> AVG-RTPM: 48ms
    [junit] MAJOR: Mutants killed / live: 52 (21-30-0) / 66
    [junit] MAJOR: ------------------------------------------------------------
    [junit] MAJOR: [1;34m24/29 - org.apache.commons.math3.distribution.ChiSquaredDistributionTest (61ms / 63):[0m
    [junit] MAJOR: 6198 (0 / 11 / 63) -> AVG-RTPM: 56ms
    [junit] MAJOR: Mutants killed / live: 52 (21-30-0) / 66
    [junit] MAJOR: ------------------------------------------------------------
    [junit] MAJOR: [1;34m25/29 - org.apache.commons.math3.distribution.TDistributionTest (71ms / 63):[0m
    [junit] MAJOR: 6831 (0 / 11 / 63) -> AVG-RTPM: 57ms
    [junit] MAJOR: Mutants killed / live: 52 (21-30-0) / 66
    [junit] MAJOR: ------------------------------------------------------------
    [junit] MAJOR: [1;34m26/29 - org.apache.commons.math3.distribution.LogNormalDistributionTest (78ms / 63):[0m
    [junit] MAJOR: 7763 (0 / 11 / 63) -> AVG-RTPM: 84ms
    [junit] MAJOR: Mutants killed / live: 52 (21-30-0) / 66
    [junit] MAJOR: ------------------------------------------------------------
    [junit] MAJOR: [1;34m27/29 - org.apache.commons.math3.distribution.GammaDistributionTest (151ms / 63):[0m
    [junit] MAJOR: 8712 (0 / 11 / 63) -> AVG-RTPM: 86ms
    [junit] MAJOR: Mutants killed / live: 52 (21-30-0) / 66
    [junit] MAJOR: ------------------------------------------------------------
    [junit] MAJOR: [1;34m28/29 - org.apache.commons.math3.distribution.HypergeometricDistributionTest (151ms / 0):[0m
    [junit] MAJOR: 8712 (0 / 0 / 0) -> AVG-RTPM: 0ms
    [junit] MAJOR: Mutants killed / live: 52 (21-30-0) / 66
    [junit] MAJOR: ------------------------------------------------------------
    [junit] MAJOR: [1;34m29/29 - org.apache.commons.math3.distribution.PoissonDistributionTest (243ms / 118):[0m
    [junit] MAJOR: 17916 (36 / 66 / 118) -> AVG-RTPM: 139ms
    [junit] MAJOR: Mutants killed / live: 88 (33-54-0) / 30
    [junit] MAJOR: ------------------------------------------------------------
    [junit] MAJOR: Summary:
    [junit] MAJOR: 
    [junit] MAJOR: Analysis time:  17.9 seconds
    [junit] MAJOR: Mutation score: 58.67% (74.58%)
    [junit] MAJOR: Mutants killed / live: 88 (33-54-0) / 30
    [junit] MAJOR: Mutant executions: 317
    [junit] MAJOR: ------------------------------------------------------------
    [junit] MAJOR: Export summary of results to summary.csv
    [junit] MAJOR: Export mutant kill details to /tmp/Math/Math-31b/kill.csv

BUILD SUCCESSFUL
Total time: 27 seconds
