
init:
     [echo] -------- Commons MATH 3.0-SNAPSHOT --------

compile:

check-availability:
     [echo] doing check-availability...

download-dependencies:
     [echo] doing download-dependencies...

download-junit:

compile.tests:

update.all.tests:

mutation.test:
     [echo] Running mutation analysis ...
    [junit] MAJOR: Mutation analysis enabled
    [junit] MAJOR: [1;31morg.apache.commons.math3.distribution.FDistributionTest[testIsSupportLowerBoundInclusive] failed![0m
    [junit] MAJOR: [1;31m -> AssertionFailedError[0m
    [junit] MAJOR: [1;31m -> "expected:<false> but was:<true>"[0m
    [junit] MAJOR: [1;31morg.apache.commons.math3.distribution.UniformRealDistributionTest[testIsSupportUpperBoundInclusive] failed![0m
    [junit] MAJOR: [1;31m -> AssertionFailedError[0m
    [junit] MAJOR: [1;31m -> "expected:<true> but was:<false>"[0m
    [junit] MAJOR: Exclude 2 failing test classes:
    [junit] MAJOR: [1;31m - org.apache.commons.math3.distribution.FDistributionTest[0m
    [junit] MAJOR: [1;31m - org.apache.commons.math3.distribution.UniformRealDistributionTest[0m
    [junit] MAJOR: ------------------------------------------------------------
    [junit] MAJOR: Run 6 ordered tests to verify independence
    [junit] MAJOR: ------------------------------------------------------------
    [junit] MAJOR: Preprocessing time: 0.77 seconds
    [junit] MAJOR: ------------------------------------------------------------
    [junit] MAJOR: Mutants generated: 228
    [junit] MAJOR: Mutants covered:   52 (22.81%)
    [junit] MAJOR: ------------------------------------------------------------
    [junit] MAJOR: Export test map to testMap.csv
    [junit] MAJOR: ------------------------------------------------------------
    [junit] MAJOR: Run mutation analysis with 6 individual tests
    [junit] MAJOR: ------------------------------------------------------------
    [junit] MAJOR: [1;34m1/6 - org.apache.commons.math3.stat.inference.OneWayAnovaTest (19ms / 33):[0m
    [junit] MAJOR: 561 (27 / 33 / 33) -> AVG-RTPM: 17ms
    [junit] MAJOR: Mutants killed / live: 27 (25-2-0) / 25
    [junit] MAJOR: ------------------------------------------------------------
    [junit] MAJOR: [1;34m2/6 - org.apache.commons.math3.stat.descriptive.AggregateSummaryStatisticsTest (24ms / 19):[0m
    [junit] MAJOR: 1022 (3 / 19 / 19) -> AVG-RTPM: 24ms
    [junit] MAJOR: Mutants killed / live: 30 (27-3-0) / 22
    [junit] MAJOR: ------------------------------------------------------------
    [junit] MAJOR: [1;34m3/6 - org.apache.commons.math3.stat.inference.TestUtilsTest (36ms / 33):[0m
    [junit] MAJOR: 1252 (0 / 6 / 33) -> AVG-RTPM: 38ms
    [junit] MAJOR: Mutants killed / live: 30 (27-3-0) / 22
    [junit] MAJOR: ------------------------------------------------------------
    [junit] MAJOR: [1;34m4/6 - org.apache.commons.math3.util.MathUtilsTest (38ms / 19):[0m
    [junit] MAJOR: 1682 (0 / 16 / 19) -> AVG-RTPM: 26ms
    [junit] MAJOR: Mutants killed / live: 30 (27-3-0) / 22
    [junit] MAJOR: ------------------------------------------------------------
    [junit] MAJOR: [1;34m5/6 - org.apache.commons.math3.optimization.general.LevenbergMarquardtOptimizerTest (109ms / 19):[0m
    [junit] MAJOR: 2627 (10 / 16 / 19) -> AVG-RTPM: 59ms
    [junit] MAJOR: Mutants killed / live: 40 (33-7-0) / 12
    [junit] MAJOR: ------------------------------------------------------------
    [junit] MAJOR: [1;34m6/6 - org.apache.commons.math3.optimization.fitting.PolynomialFitterTest (110ms / 19):[0m
    [junit] MAJOR: 2951 (3 / 6 / 19) -> AVG-RTPM: 54ms
    [junit] MAJOR: Mutants killed / live: 43 (36-7-0) / 9
    [junit] MAJOR: ------------------------------------------------------------
    [junit] MAJOR: Summary:
    [junit] MAJOR: 
    [junit] MAJOR: Analysis time:  3.0 seconds
    [junit] MAJOR: Mutation score: 18.86% (82.69%)
    [junit] MAJOR: Mutants killed / live: 43 (36-7-0) / 9
    [junit] MAJOR: Mutant executions: 96
    [junit] MAJOR: ------------------------------------------------------------
    [junit] MAJOR: Export summary of results to summary.csv
    [junit] MAJOR: Export mutant kill details to /tmp/Math/Math-22b/kill.csv

BUILD SUCCESSFUL
Total time: 4 seconds
