
initialise:

compile:
    [javac] /home/rein/IdeaProjects/defects4j/framework/projects/Chart/Chart.build.xml:57: warning: 'includeantruntime' was not set, defaulting to build.sysclasspath=last; set to false for repeatable builds

compile-experimental:
    [javac] /home/rein/IdeaProjects/defects4j/framework/projects/Chart/Chart.build.xml:106: warning: 'includeantruntime' was not set, defaulting to build.sysclasspath=last; set to false for repeatable builds

compile.tests:
    [javac] /home/rein/IdeaProjects/defects4j/framework/projects/Chart/Chart.build.xml:123: warning: 'includeantruntime' was not set, defaulting to build.sysclasspath=last; set to false for repeatable builds

update.all.tests:

mutation.test:
     [echo] Running mutation analysis ...
    [junit] MAJOR: Mutation analysis enabled
    [junit] MAJOR: [1;31morg.jfree.data.category.junit.DefaultIntervalCategoryDatasetTests[testGetCategoryIndex] failed![0m
    [junit] MAJOR: [1;31m -> java.lang.NullPointerException[0m
    [junit] MAJOR: [1;31m -> "null"[0m
    [junit] MAJOR: [1;31morg.jfree.data.category.junit.DefaultIntervalCategoryDatasetTests[testSetCategoryKeys] failed![0m
    [junit] MAJOR: [1;31m -> AssertionFailedError[0m
    [junit] MAJOR: [1;31m -> "null"[0m
    [junit] MAJOR: [1;31morg.jfree.data.category.junit.DefaultIntervalCategoryDatasetTests[testGetSeriesIndex] failed![0m
    [junit] MAJOR: [1;31m -> java.lang.NullPointerException[0m
    [junit] MAJOR: [1;31m -> "null"[0m
    [junit] MAJOR: [1;31morg.jfree.data.category.junit.DefaultIntervalCategoryDatasetTests[testGetRowCount] failed![0m
    [junit] MAJOR: [1;31m -> java.lang.NullPointerException[0m
    [junit] MAJOR: [1;31m -> "null"[0m
    [junit] MAJOR: [1;31morg.jfree.data.category.junit.DefaultIntervalCategoryDatasetTests[testGetRowIndex] failed![0m
    [junit] MAJOR: [1;31m -> java.lang.NullPointerException[0m
    [junit] MAJOR: [1;31m -> "null"[0m
    [junit] MAJOR: [1;31morg.jfree.data.category.junit.DefaultIntervalCategoryDatasetTests[testGetColumnCount] failed![0m
    [junit] MAJOR: [1;31m -> java.lang.NullPointerException[0m
    [junit] MAJOR: [1;31m -> "null"[0m
    [junit] MAJOR: [1;31morg.jfree.data.category.junit.DefaultIntervalCategoryDatasetTests[testGetColumnIndex] failed![0m
    [junit] MAJOR: [1;31m -> java.lang.NullPointerException[0m
    [junit] MAJOR: [1;31m -> "null"[0m
    [junit] MAJOR: [1;31morg.jfree.data.category.junit.DefaultIntervalCategoryDatasetTests[testCloning2] failed![0m
    [junit] MAJOR: [1;31m -> java.lang.NullPointerException[0m
    [junit] MAJOR: [1;31m -> "null"[0m
    [junit] MAJOR: Exclude 1 failing test class:
    [junit] MAJOR: [1;31m - org.jfree.data.category.junit.DefaultIntervalCategoryDatasetTests[0m
    [junit] MAJOR: ------------------------------------------------------------
    [junit] MAJOR: Run 1 ordered test to verify independence
    [junit] MAJOR: ------------------------------------------------------------
    [junit] MAJOR: Preprocessing time: 0.23 seconds
    [junit] MAJOR: ------------------------------------------------------------
    [junit] MAJOR: Mutants generated: 196
    [junit] MAJOR: Mutants covered:   79 (40.31%)
    [junit] MAJOR: ------------------------------------------------------------
    [junit] MAJOR: Export test map to testMap.csv
    [junit] MAJOR: ------------------------------------------------------------
    [junit] MAJOR: Run mutation analysis with 1 individual test
    [junit] MAJOR: ------------------------------------------------------------
    [junit] MAJOR: [1;34m1/1 - org.jfree.chart.renderer.category.junit.IntervalBarRendererTests (134ms / 79):[0m
    [junit] MAJOR: 3911 (29 / 79 / 79) -> AVG-RTPM: 49ms
    [junit] MAJOR: Mutants killed / live: 29 (5-24-0) / 50
    [junit] MAJOR: ------------------------------------------------------------
    [junit] MAJOR: Summary:
    [junit] MAJOR: 
    [junit] MAJOR: Analysis time:  3.9 seconds
    [junit] MAJOR: Mutation score: 14.80% (36.71%)
    [junit] MAJOR: Mutants killed / live: 29 (5-24-0) / 50
    [junit] MAJOR: Mutant executions: 79
    [junit] MAJOR: ------------------------------------------------------------
    [junit] MAJOR: Export summary of results to summary.csv
    [junit] MAJOR: Export mutant kill details to /tmp/Chart/Chart-16b/kill.csv

BUILD SUCCESSFUL
Total time: 4 seconds
