
test-offline:

get-deps:

compile:
    [javac] /tmp/Lang/Lang-24b/maven-build.xml:75: warning: 'includeantruntime' was not set, defaulting to build.sysclasspath=last; set to false for repeatable builds

compile-tests:
    [javac] /tmp/Lang/Lang-24b/maven-build.xml:108: warning: 'includeantruntime' was not set, defaulting to build.sysclasspath=last; set to false for repeatable builds

compile.tests:

update.all.tests:

mutation.test:
     [echo] Running mutation analysis ...
    [junit] MAJOR: Mutation analysis enabled
    [junit] MAJOR: [1;31morg.apache.commons.lang3.math.NumberUtilsTest[testIsNumber] failed![0m
    [junit] MAJOR: [1;31m -> AssertionFailedError[0m
    [junit] MAJOR: [1;31m -> "isNumber(String) LANG-664 failed"[0m
    [junit] MAJOR: Exclude 1 failing test class:
    [junit] MAJOR: [1;31m - org.apache.commons.lang3.math.NumberUtilsTest[0m
    [junit] MAJOR: ------------------------------------------------------------
    [junit] MAJOR: Run 3 ordered tests to verify independence
    [junit] MAJOR: ------------------------------------------------------------
    [junit] MAJOR: Preprocessing time: 0.10 seconds
    [junit] MAJOR: ------------------------------------------------------------
    [junit] MAJOR: Mutants generated: 607
    [junit] MAJOR: Mutants covered:   0 (0.00%)
    [junit] MAJOR: ------------------------------------------------------------
    [junit] MAJOR: Export test map to testMap.csv
    [junit] MAJOR: ------------------------------------------------------------
    [junit] MAJOR: Run mutation analysis with 3 individual tests
    [junit] MAJOR: ------------------------------------------------------------
    [junit] MAJOR: [1;34m1/3 - org.apache.commons.lang3.reflect.ConstructorUtilsTest (13ms / 0):[0m
    [junit] MAJOR: 0 (0 / 0 / 0) -> AVG-RTPM: 0ms
    [junit] MAJOR: Mutants killed / live: 0 (0-0-0) / 0
    [junit] MAJOR: ------------------------------------------------------------
    [junit] MAJOR: [1;34m2/3 - org.apache.commons.lang3.reflect.MethodUtilsTest (19ms / 0):[0m
    [junit] MAJOR: 1 (0 / 0 / 0) -> AVG-RTPM: 0ms
    [junit] MAJOR: Mutants killed / live: 0 (0-0-0) / 0
    [junit] MAJOR: ------------------------------------------------------------
    [junit] MAJOR: [1;34m3/3 - org.apache.commons.lang3.BooleanUtilsTest (49ms / 0):[0m
    [junit] MAJOR: 1 (0 / 0 / 0) -> AVG-RTPM: 0ms
    [junit] MAJOR: Mutants killed / live: 0 (0-0-0) / 0
    [junit] MAJOR: ------------------------------------------------------------
    [junit] MAJOR: Summary:
    [junit] MAJOR: 
    [junit] MAJOR: Analysis time:  0.0 seconds
    [junit] MAJOR: Mutation score: 0.00% (0.00%)
    [junit] MAJOR: Mutants killed / live: 0 (0-0-0) / 0
    [junit] MAJOR: Mutant executions: 0
    [junit] MAJOR: ------------------------------------------------------------
    [junit] MAJOR: Export summary of results to summary.csv
    [junit] MAJOR: Export mutant kill details to /tmp/Lang/Lang-24b/kill.csv

BUILD SUCCESSFUL
Total time: 0 seconds
