
init:
     [echo] -------- Commons MATH 3.0-SNAPSHOT --------

compile:

check-availability:
     [echo] doing check-availability...

download-dependencies:
     [echo] doing download-dependencies...

download-junit:

compile.tests:

update.all.tests:

mutation.test:
     [echo] Running mutation analysis ...
    [junit] MAJOR: Mutation analysis enabled
    [junit] MAJOR: [1;31morg.apache.commons.math3.fraction.FractionTest[testMath835] failed![0m
    [junit] MAJOR: [1;31m -> AssertionFailedError[0m
    [junit] MAJOR: [1;31m -> "expected:<2.1691754E9> but was:<-2.125791896E9>"[0m
    [junit] MAJOR: Exclude 1 failing test class:
    [junit] MAJOR: [1;31m - org.apache.commons.math3.fraction.FractionTest[0m
    [junit] MAJOR: ------------------------------------------------------------
    [junit] MAJOR: Run 11 ordered tests to verify independence
    [junit] MAJOR: ------------------------------------------------------------
    [junit] MAJOR: Preprocessing time: 2.02 seconds
    [junit] MAJOR: ------------------------------------------------------------
    [junit] MAJOR: Mutants generated: 276
    [junit] MAJOR: Mutants covered:   219 (79.35%)
    [junit] MAJOR: ------------------------------------------------------------
    [junit] MAJOR: Export test map to testMap.csv
    [junit] MAJOR: ------------------------------------------------------------
    [junit] MAJOR: Run mutation analysis with 11 individual tests
    [junit] MAJOR: ------------------------------------------------------------
    [junit] MAJOR: [1;34m1/11 - org.apache.commons.math3.linear.SparseFieldVectorTest (15ms / 182):[0m
    [junit] MAJOR: 4946 (91 / 182 / 182) -> AVG-RTPM: 27ms
    [junit] MAJOR: Mutants killed / live: 91 (42-49-0) / 128
    [junit] MAJOR: ------------------------------------------------------------
    [junit] MAJOR: [1;34m2/11 - org.apache.commons.math3.fraction.FractionFieldTest (19ms / 13):[0m
    [junit] MAJOR: 5076 (0 / 11 / 13) -> AVG-RTPM: 11ms
    [junit] MAJOR: Mutants killed / live: 91 (42-49-0) / 128
    [junit] MAJOR: ------------------------------------------------------------
    [junit] MAJOR: [1;34m3/11 - org.apache.commons.math3.linear.FieldLUSolverTest (21ms / 101):[0m
    [junit] MAJOR: 6898 (9 / 59 / 101) -> AVG-RTPM: 30ms
    [junit] MAJOR: Mutants killed / live: 100 (46-54-0) / 119
    [junit] MAJOR: ------------------------------------------------------------
    [junit] MAJOR: [1;34m4/11 - org.apache.commons.math3.linear.ArrayFieldVectorTest (27ms / 104):[0m
    [junit] MAJOR: 8361 (0 / 57 / 104) -> AVG-RTPM: 25ms
    [junit] MAJOR: Mutants killed / live: 100 (46-54-0) / 119
    [junit] MAJOR: ------------------------------------------------------------
    [junit] MAJOR: [1;34m5/11 - org.apache.commons.math3.linear.FieldLUDecompositionTest (27ms / 97):[0m
    [junit] MAJOR: 9774 (0 / 49 / 97) -> AVG-RTPM: 28ms
    [junit] MAJOR: Mutants killed / live: 100 (46-54-0) / 119
    [junit] MAJOR: ------------------------------------------------------------
    [junit] MAJOR: [1;34m6/11 - org.apache.commons.math3.fraction.FractionFormatTest (35ms / 101):[0m
    [junit] MAJOR: 11087 (3 / 43 / 101) -> AVG-RTPM: 30ms
    [junit] MAJOR: Mutants killed / live: 103 (47-56-0) / 116
    [junit] MAJOR: ------------------------------------------------------------
    [junit] MAJOR: [1;34m7/11 - org.apache.commons.math3.linear.SparseFieldMatrixTest (36ms / 213):[0m
    [junit] MAJOR: 14599 (28 / 111 / 213) -> AVG-RTPM: 31ms
    [junit] MAJOR: Mutants killed / live: 131 (66-65-0) / 88
    [junit] MAJOR: ------------------------------------------------------------
    [junit] MAJOR: [1;34m8/11 - org.apache.commons.math3.util.OpenIntToFieldTest (45ms / 88):[0m
    [junit] MAJOR: 15753 (1 / 33 / 88) -> AVG-RTPM: 34ms
    [junit] MAJOR: Mutants killed / live: 132 (66-66-0) / 87
    [junit] MAJOR: ------------------------------------------------------------
    [junit] MAJOR: [1;34m9/11 - org.apache.commons.math3.linear.MatrixUtilsTest (69ms / 37):[0m
    [junit] MAJOR: 16108 (0 / 15 / 37) -> AVG-RTPM: 23ms
    [junit] MAJOR: Mutants killed / live: 132 (66-66-0) / 87
    [junit] MAJOR: ------------------------------------------------------------
    [junit] MAJOR: [1;34m10/11 - org.apache.commons.math3.linear.FieldMatrixImplTest (78ms / 140):[0m
    [junit] MAJOR: 19927 (1 / 62 / 140) -> AVG-RTPM: 61ms
    [junit] MAJOR: Mutants killed / live: 133 (67-66-0) / 86
    [junit] MAJOR: ------------------------------------------------------------
    [junit] MAJOR: [1;34m11/11 - org.apache.commons.math3.linear.BlockFieldMatrixTest (361ms / 140):[0m
    [junit] MAJOR: 36538 (1 / 61 / 140) -> AVG-RTPM: 272ms
    [junit] MAJOR: Mutants killed / live: 134 (67-67-0) / 85
    [junit] MAJOR: ------------------------------------------------------------
    [junit] MAJOR: Summary:
    [junit] MAJOR: 
    [junit] MAJOR: Analysis time:  36.5 seconds
    [junit] MAJOR: Mutation score: 48.55% (61.19%)
    [junit] MAJOR: Mutants killed / live: 134 (67-67-0) / 85
    [junit] MAJOR: Mutant executions: 683
    [junit] MAJOR: ------------------------------------------------------------
    [junit] MAJOR: Export summary of results to summary.csv
    [junit] MAJOR: Export mutant kill details to /tmp/Math/Math-27b/kill.csv

BUILD SUCCESSFUL
Total time: 39 seconds
