
init:
     [echo] -------- Commons MATH 3.1-SNAPSHOT --------

compile:

check-availability:
     [echo] doing check-availability...

download-dependencies:
     [echo] doing download-dependencies...

download-junit:

compile.tests:

update.all.tests:

mutation.test:
     [echo] Running mutation analysis ...
    [junit] MAJOR: Mutation analysis enabled
    [junit] MAJOR: [1;31morg.apache.commons.math3.geometry.euclidean.threed.SubLineTest[testIntersectionNotIntersecting] failed![0m
    [junit] MAJOR: [1;31m -> java.lang.NullPointerException[0m
    [junit] MAJOR: [1;31m -> "null"[0m
    [junit] MAJOR: [1;31morg.apache.commons.math3.geometry.euclidean.twod.SubLineTest[testIntersectionParallel] failed![0m
    [junit] MAJOR: [1;31m -> java.lang.NullPointerException[0m
    [junit] MAJOR: [1;31m -> "null"[0m
    [junit] MAJOR: Exclude 2 failing test classes:
    [junit] MAJOR: [1;31m - org.apache.commons.math3.geometry.euclidean.threed.SubLineTest[0m
    [junit] MAJOR: [1;31m - org.apache.commons.math3.geometry.euclidean.twod.SubLineTest[0m
    [junit] MAJOR: ------------------------------------------------------------
    [junit] MAJOR: Run 2 ordered tests to verify independence
    [junit] MAJOR: ------------------------------------------------------------
    [junit] MAJOR: Preprocessing time: 0.29 seconds
    [junit] MAJOR: ------------------------------------------------------------
    [junit] MAJOR: Mutants generated: 57
    [junit] MAJOR: Mutants covered:   29 (50.88%)
    [junit] MAJOR: ------------------------------------------------------------
    [junit] MAJOR: Export test map to testMap.csv
    [junit] MAJOR: ------------------------------------------------------------
    [junit] MAJOR: Run mutation analysis with 2 individual tests
    [junit] MAJOR: ------------------------------------------------------------
    [junit] MAJOR: [1;34m1/2 - org.apache.commons.math3.geometry.euclidean.twod.PolygonsSetTest (60ms / 29):[0m
    [junit] MAJOR: 1138 (21 / 29 / 29) -> AVG-RTPM: 39ms
    [junit] MAJOR: Mutants killed / live: 21 (1-20-0) / 8
    [junit] MAJOR: ------------------------------------------------------------
    [junit] MAJOR: [1;34m2/2 - org.apache.commons.math3.geometry.euclidean.threed.PolyhedronsSetTest (65ms / 29):[0m
    [junit] MAJOR: 1543 (1 / 8 / 29) -> AVG-RTPM: 50ms
    [junit] MAJOR: Mutants killed / live: 22 (2-20-0) / 7
    [junit] MAJOR: ------------------------------------------------------------
    [junit] MAJOR: Summary:
    [junit] MAJOR: 
    [junit] MAJOR: Analysis time:  1.5 seconds
    [junit] MAJOR: Mutation score: 38.60% (75.86%)
    [junit] MAJOR: Mutants killed / live: 22 (2-20-0) / 7
    [junit] MAJOR: Mutant executions: 37
    [junit] MAJOR: ------------------------------------------------------------
    [junit] MAJOR: Export summary of results to summary.csv
    [junit] MAJOR: Export mutant kill details to /tmp/Math/Math-4b/kill.csv

BUILD SUCCESSFUL
Total time: 2 seconds
